4 221 174 248 175
3 216 32 20
3 167 96 35
4 0 53 124 211
3 234 281 255
3 36 230 16
4 180 188 45 130
3 33 217 289
4 179 29 291 165
4 65 39 138 169
3 116 40 31
3 296 282 51
3 168 277 98
3 54 128 265
3 34 284 266
3 108 214 223
3 85 28 242
3 275 244 106
3 87 241 250
3 41 239 55
3 184 146 12
3 164 204 152
3 249 172 196
3 99 102 264
3 212 158 71
3 110 121 141
3 88 14 145
3 75 64 115
3 103 122 155
3 80 202 292
3 72 185 280
3 4 271 120
3 8 295 252
3 7 222 78
3 294 68 176
3 148 50 192
3 134 82 182
3 162 3 215
3 259 268 43
3 159 11 272
3 286 254 104
3 246 26 142
3 299 157 59
3 203 258 233
3 24 111 67
3 133 236 228
3 210 207 66
3 62 27 288
3 161 209 30
3 127 86 100
3 13 170 231
3 260 89 143
3 276 298 229
3 136 243 154
3 220 163 126
3 92 177 279
3 95 61 206
3 58 253 297
3 137 109 262
3 290 117 256
3 227 160 47
3 193 191 17
3 15 195 186
3 218 197 37
3 273 73 240
3 150 190 135
3 285 283 153
3 225 140 94
3 107 114 46
3 74 147 69
3 144 6 194
3 56 237 251
3 105 23 1
3 18 48 293
3 171 22 97
3 187 76 123
3 263 269 270
3 38 93 84
3 63 25 173
3 125 131 132
3 156 42 52
3 261 235 49
3 60 101 77
3 200 201 247
3 57 118 9
3 19 70 208
3 198 10 278
2 213 199
2 267 83
3 44 90 189
3 129 119 178
3 79 81 151
2 245 112
2 226 181
3 21 287 183
3 113 5 257
3 224 139 274
3 91 205 149
2 232 238
2 166 219
