10 9504 3566 2927 6896 6082 3974 2397 3722 7672 7286
13 2581 5777 3666 9738 2696 1182 3622 8373 3811 21 3328 9026 7217
10 7013 2216 1386 9065 9981 5603 3621 929 576 6873
13 8773 6125 6984 5433 5169 5045 4828 4634 8760 6201 1741 1041 6859
12 6252 5189 2440 3906 6967 115 9238 9667 6181 9155 9139 8344
12 3696 4164 498 9464 6089 7344 8058 7794 5289 2931 5379 1471
12 7109 7116 3362 633 2745 1110 8075 163 2622 6059 8590 3351
14 7270 2026 4867 6058 2741 8353 6066 147 5105 2645 5317 4264 7904 9338
13 6031 4414 4833 7446 164 4645 3290 9424 4677 7167 4734 774 3052
11 1178 3608 6575 559 9165 6630 6179 7749 953 2729 78
14 9913 627 7975 9382 4973 2060 5853 9186 8664 4564 8027 6406 2631 2231
13 719 7889 8274 5712 378 4749 3970 4552 6904 1541 1255 5133 7090
13 6403 3148 6208 2663 9276 2386 459 5452 6416 698 5154 8705 6692
12 5137 8425 6804 4482 5352 7684 3946 1709 9330 3661 9542 5078
13 9256 5387 7355 7840 6132 4477 7103 1248 3031 8136 8516 5061 345
14 1560 9405 1489 8040 4003 611 5124 7169 3798 1348 1748 7296 9270 6629
10 568 3257 6377 7941 5995 2989 4087 4096 2153 634
13 9313 6502 328 7574 2686 3190 9858 7081 9073 3231 7627 6363 916
14 2695 8458 6206 8823 2261 8042 2171 2810 2547 5256 4266 8268 7368 9643
14 48 789 9636 1252 4137 169 6989 5008 9526 6106 4654 8767 4440 8169
10 1209 3546 7346 982 5344 7456 2412 7266 9490 7743
13 2009 3005 2957 1904 2825 6026 1263 6587 7569 7493 9362 3959 6854
12 7399 8557 8440 6475 4914 7912 3785 6850 9229 2137 1513 3074
13 7956 3236 9469 6718 7337 7534 175 9248 5709 9322 7077 6908 1691
8 4309 7140 6851 565 1 9564 2924 5903
12 5018 6529 9768 1640 5054 6048 595 5553 536 2737 2923 1155
10 187 3245 4084 4050 4520 369 4857 5134 7009 7538
14 8640 2424 2523 950 1884 5766 1511 7693 1912 7822 6301 8598 1781 453
14 6466 3697 3029 4154 5627 7386 4958 6094 4249 2040 6548 9358 6939 3011
13 1315 7864 3572 4761 7884 1381 3735 865 6641 9508 689 6171 4026
15 474 3276 7677 448 9743 4007 300 81 7316 2921 8416 3127 6290 2805 5512
14 837 5615 9087 8346 2518 7685 7692 8860 7971 5998 4856 9006 6622 6513
14 5440 19 9996 4980 9735 2551 1189 8851 9837 8746 1061 4033 1501 8669
10 1335 8489 3202 9288 516 7305 4711 9444 2861 4739
14 6412 6485 945 3396 3842 572 7043 5100 1302 8288 5635 2154 6578 278
14 1900 6654 8713 9628 5888 9620 7847 5838 9151 6727 2057 5373 4899 5072
14 2949 666 977 2999 3477 2817 6359 7197 7339 8160 1428 3574 4365 6187
14 84 9090 4184 47 2442 2781 8652 514 8645 5323 1198 5559 282 5097
15 7928 3918 6004 7580 5719 9100 9645 9458 6962 4244 281 7525 2599 6609 3897
9 6670 8227 6698 8956 8312 9143 5658 5694 8993
11 9707 8783 2742 4225 4411 2884 8505 2246 4772 3847 3392
12 1543 7435 3976 825 6645 3433 5170 1246 7998 6821 9110 7046
9 2571 7186 8021 8835 4733 4887 4358 7529 3330
13 8175 6662 5710 168 2132 3789 9242 4798 8018 8952 9734 3077 1047
13 3156 1838 2335 9286 4656 7785 2394 7697 2023 2248 4701 3999 3009
11 2432 9733 1734 8224 9579 8493 9082 2938 9778 8649 4217
13 4525 8213 3160 6003 6749 4940 9199 8220 5782 5208 4562 8745 3801
12 88 6912 6922 266 1046 380 876 5550 819 3454 7842 5529
15 5299 6189 3849 6550 8079 1835 2126 3839 2415 7080 2893 8007 2945 5872 7076
13 1515 5227 7428 6547 8259 4872 1475 6907 4784 6443 3443 889 4789
9 9393 4873 7927 306 4924 4314 8741 2633 256
15 3869 477 1524 9757 2639 1845 2732 9948 5910 7592 1188 8550 4204 103 619
9 2519 7188 2791 2718 8968 6571 1819 6047 8811
13 2356 4984 5507 9925 3215 3451 9027 599 9789 4685 2151 5172 887
14 8310 3049 5332 5779 4372 3958 5405 8486 2467 7680 484 6085 924 1988
14 6783 8029 9274 3066 172 9712 1369 2406 397 2164 6134 2375 918 5259
14 4839 7064 1635 5282 35 1079 3345 6283 2948 215 5768 6810 3251 4898
16 5868 696 9602 9144 2305 3616 100 2385 7315 8542 1820 1466 6963 2808 527 9183
12 7475 1447 8629 1830 984 9846 3648 523 6910 754 9150 9403
12 4435 6139 4233 4064 3565 354 7342 867 3425 4690 4357 1130
15 5970 4475 2512 6192 7172 6398 422 7643 4491 2048 5329 4125 7091 8074 2662
13 4008 7711 5500 7236 6293 141 3364 2343 2315 9810 9302 4518 5416
13 7005 9820 2106 3263 5566 32 1686 4063 2288 6642 4533 7288 909
14 3629 1194 3170 5377 7097 5036 1441 3532 2966 1045 4722 9998 1702 4460
14 4094 3333 7846 7867 5158 6762 4384 7907 5514 7614 9056 9436 6184 8621
10 6002 2324 3891 4048 5156 3663 7041 2667 9377 3962
15 3580 8787 2784 2973 2235 8173 8597 374 6367 3085 6699 8064 1921 6970 2396
14 4078 1883 7082 6360 1503 3051 292 1738 4278 1947 8366 3070 776 5984
13 8292 7293 6747 364 6182 46 7150 6757 8237 9368 1756 3625 7125
10 3253 9166 8449 150 3614 3513 2543 8407 310 9142
14 2920 5971 5510 212 5503 2482 6062 5014 4969 7501 8097 2694 112 8166
8 7463 3655 5517 3200 3972 5982 7462 1534
12 4377 2589 5996 1260 4028 6638 8116 9019 7120 7004 3145 8087
14 2135 7810 400 839 3885 4024 921 5193 4800 3851 9160 8883 3404 1154
11 677 6656 1192 4355 7048 5221 9106 2034 9378 5911 1853
14 1757 1227 9851 2780 4705 5539 2105 6589 2453 3909 5608 1612 7610 9939
14 1066 7709 9691 1276 7380 6601 3802 952 5009 7334 4787 8819 366 9072
10 1992 9046 4635 9804 1319 6156 1584 9908 6730 6983
9 303 2296 9459 2314 1790 8502 5155 6926 8725
12 5335 5027 6493 1970 7323 7994 2852 6784 3623 6243 4832 7909
15 7965 1332 3459 4080 417 2333 8379 4792 1521 9741 1791 7490 4608 3494 806
13 2465 4536 2788 435 6454 6133 2652 9408 9031 2206 3007 83 7062
13 9976 8630 661 7465 2212 7135 9156 2110 9074 2141 6235 5385 3053
15 4379 3197 3461 8410 9104 8795 4593 775 4045 9496 987 3750 235 1320 2462
13 3607 5218 6068 9830 1491 7232 2613 9604 1455 2192 7940 6772 293
10 5497 6794 1251 4349 9795 6985 9364 6544 8749 6655
14 9847 3527 1625 9631 4020 3119 1565 8617 6297 7609 3757 6452 3201 9682
11 8878 6558 1010 7683 2997 1886 7558 23 1800 3182 594
15 9752 1228 5425 9769 4396 3879 225 4034 7761 286 1979 8186 2078 7807 2027
11 2735 3708 9625 1557 7364 3098 886 5567 6515 8470 9554
13 9084 6135 530 1200 497 4659 5724 6476 6268 2548 3039 614 3982
13 7429 3147 8637 9819 9897 3434 4775 76 1470 133 3894 8933 1374
15 7657 5727 2520 5887 4250 7492 6380 8101 4347 4866 4921 4539 6165 9583 517
10 4090 1512 6164 9251 6422 1859 3086 5073 6712 5689
14 3442 1414 1530 9485 2245 1647 5287 1160 8214 544 7926 7149 5340 3841
12 5693 7287 6741 3833 6648 1553 3793 4776 4147 2835 6726 8903
13 672 4877 9813 956 2470 7732 8782 9980 1368 3474 4486 5104 7100
12 6822 8965 5187 7916 629 4441 3466 8109 5039 8212 1814 8750
14 4494 3826 5636 5816 8530 2473 560 5702 8801 1598 612 4009 3027 5271
13 549 7156 9965 4720 8219 8110 8030 252 659 3230 8661 5470 2175
15 9619 6404 4170 4502 1580 8128 8445 8228 3465 5123 5372 2601 4768 2139 4597
13 1305 1384 8548 5562 1667 6272 5622 1459 4532 7045 6306 2837 686
15 9563 1406 5089 9696 2967 6526 942 6719 7778 4892 4821 9994 9884 8616 3749
10 6263 1170 1697 5955 8796 6216 2984 1768 5441 2242
10 5192 2297 8995 7448 4119 5792 6909 8928 7142 2844
12 3055 567 5721 3108 3319 4615 3524 636 65 2 9114 6833
12 1097 2603 8792 7277 2937 2076 5809 9623 8904 5473 8291 6043
12 4601 7687 1002 8609 3784 7729 5915 1271 350 5262 8917 1827
14 9003 1407 9556 9633 8419 8236 2434 120 5835 4937 3450 3556 1395 5292
11 2247 7993 2642 6392 986 5660 5713 7503 272 9299 3341
13 2015 7357 1527 1550 6438 66 6805 4270 1643 130 3285 692 5191
12 4742 8149 7224 9947 7686 5366 2505 8631 121 4301 8177 4549
12 700 817 481 3875 4869 6538 6009 9539 969 2541 4964 1714
13 423 3249 1421 4202 5234 161 9570 949 7370 3278 3269 5122 5102
11 8518 3294 8462 1997 9954 7931 4456 6708 7701 5391 5490
13 1273 1637 9503 4875 7787 3370 4913 553 3228 8229 9300 1736 4312
11 8731 1492 1564 3921 8768 6024 8806 5382 7122 8872 3141
11 6689 7455 5487 3381 8695 3203 508 2191 6519 4272 9988
10 8890 3420 6886 853 9232 6865 9584 2498 2765 694
9 9514 1784 3067 3462 2497 6739 7110 5523 5767
12 2720 3540 4630 6338 9164 4595 3418 9655 1016 6898 7620 688
13 7861 6745 9744 119 9182 8951 2665 9284 2972 9694 8911 3449 6339
16 3090 190 5466 5017 9654 5351 9497 7745 7274 3469 1392 2082 3135 9784 1767 4388
15 713 9649 513 9575 3615 9546 4331 7629 3146 8103 1934 9157 4378 9205 3045
6 7936 8967 872 8126 5464 129
14 6277 2166 718 9002 4643 2857 5426 4834 5451 1393 2670 639 6444 7653
12 203 4658 9419 2831 9561 106 7770 4062 8988 561 7570 2646
13 5934 8932 9191 802 4938 5267 2578 9952 7903 9303 816 3 5274
14 6901 7198 3991 4558 9064 4709 1168 9228 1532 6391 8428 5314 6861 8010
13 6815 7108 4686 3116 6196 772 1721 1458 2065 15 2909 3282 1310
15 7070 9402 608 4863 782 2600 9138 993 1660 4714 8182 793 8764 5958 3670
11 4679 7575 6213 967 1179 2264 6223 3977 5364 958 5321
15 5445 7114 5049 3083 830 2323 2930 2362 8164 5619 2234 8134 5556 6353 3065
13 1105 109 7379 8816 6141 8176 2360 821 5824 8620 624 9029 6773
12 2883 8302 482 3795 8093 6034 4485 8190 4838 2444 2390 8437
14 3817 658 2963 6202 290 6703 8742 5116 7604 8023 7754 9407 4688 4368
12 9305 8711 6498 9617 2797 5899 1004 6674 6104 1396 2859 7195
14 4059 9935 8892 1518 1797 8188 2320 4415 1282 890 586 7630 5929 3878
14 1138 4387 200 5120 6903 8854 159 9101 3258 8638 9324 93 9136 1322
14 5324 8484 3865 419 1729 4450 4256 7576 6932 5933 4104 5268 8545 2213
14 1867 7028 9595 5285 6316 6729 8642 7068 7301 3986 3271 2621 1283 5877
15 4758 2233 2975 6409 5593 4021 6956 7513 4638 1104 6987 1911 9351 6436 9009
12 311 9267 6473 2651 7665 3669 9478 2393 5201 1424 695 515
12 6381 1605 457 1792 1496 5579 3099 2885 8339 6684 7645 257
12 2917 5808 4935 4920 6425 8421 4344 7066 3421 1431 4073 3256
11 6706 1372 8370 854 5678 9410 6280 5914 5959 1897 5730
13 7957 3579 1588 3411 9634 5428 7636 5576 2680 1831 319 4523 6811
11 769 8024 3291 823 2160 3904 3155 8026 3610 7651 8524
11 519 3409 7779 6647 4888 2809 2766 6451 7755 9376 9318
11 5717 4546 128 8464 2916 8403 674 8644 7075 7363 6682
13 4071 6150 9543 7196 208 6251 7466 1364 365 196 6820 4809 8863
14 606 7612 7768 7255 665 4101 657 2240 7187 2184 947 2614 9658 8143
14 8708 7891 4673 3445 1693 9678 8595 9388 3905 7407 3963 3293 4168 2193
8 3549 3358 4070 7843 2241 2319 9593 9032
13 7499 2738 8203 5516 9613 9477 2217 5374 1700 408 4394 6974 9337
13 1776 1013 1869 6029 1949 5674 1181 7762 7078 5725 1840 6888 5640
14 3307 4583 2230 7876 7442 992 2044 6657 7805 7830 3570 6806 618 4092
15 8477 1323 3601 3490 856 617 9742 1846 4971 8987 4282 4675 4692 1275 7593
7 6663 8290 9927 9992 4221 7148 613
12 5235 3596 2455 4107 8192 4130 2220 2174 9592 4248 4279 3763
12 5300 7020 3334 9179 1232 5437 6163 4907 7726 1810 4012 239
13 9409 1609 5890 8588 483 7092 6346 2128 9612 799 5210 7791 4647
10 8950 7104 4836 6537 5701 4328 1785 3948 4825 7798
13 3167 6123 4910 4404 3542 9710 7425 8585 7271 6800 5670 2596 5981
8 563 3821 2573 3782 4566 9479 5023 1314
7 9679 1438 4467 5091 2882 5976 6897
14 768 3773 7312 5012 9068 156 2556 7915 9624 9328 4472 5442 1031 6105
11 5860 8736 1100 9252 1324 3122 9912 8239 7659 4128 7298
13 8758 7553 2401 7085 3701 9576 1631 6279 2525 3859 9038 3221 171
8 8670 7208 9429 1985 2515 1891 8918 8605
11 6916 5213 2711 5829 4629 1331 2866 4014 7502 8976 3674
13 9888 9347 4794 6245 1272 233 3181 2330 5770 7920 8534 8775 1953
11 6807 2942 1142 5957 146 6871 4300 715 6056 8788 6122
8 2316 7948 1062 7498 7857 1688 8692 9706
13 2061 7320 245 6265 7444 7309 8809 4594 280 4343 5005 2437 4259
14 5086 3311 1121 7870 4297 8112 4930 8245 2156 2374 8562 7763 3907 6459
13 4058 9406 2143 7572 4141 7663 3326 5679 1589 7366 9221 1980 9397
12 4618 3651 8328 4285 9345 5228 7411 1211 7724 3765 9230 4906
11 7929 1113 3073 6856 8194 1746 4089 2612 8826 5583 9816
12 7561 315 41 8856 3807 4990 4195 2875 2052 6866 5999 8475
9 7401 5991 7811 2108 5076 5062 8261 9716 4303
8 2384 5371 2675 40 6838 2370 3593 5537
14 4855 739 2293 2649 7668 6480 8737 6188 8033 6345 320 4582 9213 359
7 273 5858 6430 8682 2591 8004 3893
12 6831 4428 442 2056 6446 348 9466 5803 8038 3874 893 8253
11 9325 2538 2074 6356 7245 6013 9516 6319 912 7220 2344
15 3444 5491 493 1908 8868 2731 9273 5994 2395 7691 6140 2713 8400 6830 701
13 5769 2536 7546 4807 7434 1294 6172 458 4293 7392 8293 2561 7741
13 9140 5875 1054 8348 7246 8167 3062 3981 4117 5569 5163 6824 2851
12 4948 7631 9254 7883 3194 7010 2095 1504 2769 4330 592 4710
14 8703 7180 9320 7666 7690 4544 7239 5632 7474 6921 7341 3186 3323 4232
13 117 4208 3866 9289 6076 7171 6832 9849 2402 3463 2535 283 3187
11 7913 8573 3544 5303 4205 2011 1101 7453 3174 90 1680
11 6695 1803 6764 8035 2173 8316 8662 5094 9247 7615 1270
14 7040 3575 209 7737 2250 645 4966 6946 9817 8857 3079 4543 279 913
13 3855 9463 1030 5920 1601 1245 767 1109 5160 1896 6114 8345 6298
10 3371 7398 368 1239 294 7234 2557 936 9919 4032
15 8329 9473 3092 5711 761 8037 7387 1644 4397 2693 2417 2636 6779 5785 3206
10 9675 8262 5983 1595 230 4561 4550 1591 8431 6540
9 6198 7704 5307 7698 2660 1012 3339 2595 9193
11 9449 4421 4405 4607 8300 7014 9859 4667 5411 8492 9955
10 4307 1773 965 3050 3740 6809 1817 5042 7237 7969
12 375 9137 7372 596 4493 5830 5861 1069 9420 7689 9879 4919
14 1040 3990 2118 9562 6966 9761 3439 6081 9639 9882 2373 7750 4590 8452
12 1005 4260 8309 2031 4065 9132 249 8051 4824 9934 2740 1371
12 222 4781 277 6413 3036 7209 6274 5684 9644 8540 3573 6858
12 9550 9806 6563 7034 4880 7276 2275 1476 7415 384 1073 9967
13 3555 3640 7248 5212 8940 9832 9035 4617 8820 8691 9968 4043 2850
8 1135 3818 3729 7422 6883 2037 67 744
13 3578 8574 4088 2577 415 1152 9975 1257 52 4019 1656 5171 1050
13 5424 9864 1804 8991 9450 3232 1494 454 9089 4111 7647 4851 3212
14 4894 5743 2566 3554 7628 3435 7256 1937 4353 4224 9141 5794 3316 3150
12 920 6329 6410 6567 9341 4541 8324 74 1433 2534 9541 1107
16 9799 4693 2626 2904 5182 5783 3082 39 8869 1391 9226 8511 412 3428 4093 6227
12 2559 1630 3910 1206 3414 3636 5457 9812 2842 7894 10 2710
11 6541 3430 6255 9483 7984 1166 7414 3295 399 6982 8299
12 961 2641 5954 4782 2409 3169 4274 4871 4114 9659 5880 6226
14 372 726 4109 2605 210 8155 5088 3247 9632 9687 1448 9321 11 6326
9 7952 7325 7113 8062 1716 3854 6064 6366 5733
10 3654 6261 9475 826 542 3710 8926 8646 5004 1057
11 24 9852 5295 3325 4403 353 9553 1960 5527 3267 9767
13 2869 7230 3068 1628 1365 1169 1725 3829 1330 7267 880 9779 2955
14 8962 902 6765 3585 4029 3366 7278 1325 9701 2179 1774 8307 37 1469
13 4637 7512 1177 1777 2000 6222 3952 8687 402 9240 7483 5587 2367
15 4150 5948 7406 135 2570 9949 2919 4696 2270 8296 4496 2229 5247 518 3487
13 6115 9985 4153 507 8529 7730 254 4653 1787 395 7205 1590 9630
13 3988 8158 6536 1723 3270 1587 9394 9133 1710 9823 6389 1747 5786
11 5885 1874 9492 1474 7808 2867 8401 8901 9785 991 6083
14 541 6199 4255 7102 5107 5375 1250 4356 8953 7542 8551 5353 3470 4878
10 4143 9920 9559 3717 9657 8071 5630 1317 740 663
13 6228 4706 4196 2881 846 4854 3530 7562 5064 3372 490 6799 863
12 622 6658 4624 8448 9872 3940 9070 9028 2121 777 5026 9843
9 1833 2736 1620 138 8444 8450 4038 6581 2129
13 6961 6849 7430 6842 922 127 244 9054 7793 2841 1420 7757 968
14 29 1860 9282 5663 4291 2059 8973 9962 7764 3862 5188 9361 5992 2340
12 1664 9452 206 5347 2178 1613 105 6333 4628 2933 3123 3521
15 55 1651 5535 6021 6523 8615 1968 8272 1480 3843 2760 7898 3356 134 4323
11 9523 6740 6155 3193 990 382 1338 4211 8793 8755 3856
13 9216 7129 9627 601 1910 7019 1436 6902 3305 4773 4625 4487 2159
15 9283 699 8786 6836 1755 3057 1487 7118 5310 8945 897 5901 1907 3776 2148
11 4842 5237 3354 3915 4806 1146 5021 6157 4002 1402 2522
13 2576 7329 1363 7557 1863 8671 2368 6746 1692 4167 7796 6423 1668
12 4346 9052 5214 9109 3468 8981 6930 9441 6120 5692 126 6617
15 1888 4885 720 7243 5620 7922 4862 7134 8827 9264 7221 2846 9000 3534 386
14 734 4648 1313 2856 8034 7882 7191 1081 8413 2272 7866 3925 1394 276
9 3149 8209 8832 6128 3453 7856 1098 1376 7718
13 7119 9306 9805 8554 1465 6814 9889 9195 6593 8500 7383 5143 5032
13 4214 4959 4661 1186 529 2209 8686 6677 1292 9790 543 4985 5739
15 7862 4575 1218 2934 2077 7162 2979 461 8266 342 6683 3216 3115 26 9112
12 157 6884 5541 5240 7494 9375 4636 4895 550 6253 1876 800
10 2986 8020 9869 8088 4767 4642 194 2341 9163 3198
13 297 2928 9815 4115 9610 2771 2527 7873 3584 8481 1337 9355 7966
8 1978 1778 2952 9842 2377 388 9167 4317
14 3103 3758 2657 6012 9702 8368 8273 3746 3901 3044 8326 7566 1499 1982
14 5341 9128 5771 3105 3022 7479 2706 9809 4623 1008 9724 7918 8031 6486
15 2912 2357 730 4016 9116 6643 6597 4213 4247 3731 2910 6839 7935 928 2189
9 3281 5358 2690 1240 1634 2900 4027 7547 238
14 5716 2079 3779 2537 7211 8191 6672 5967 833 3075 3436 6462 3902 2553
14 6724 8459 9012 1655 5756 4035 85 3770 7812 4939 8799 3992 4443 7094
13 957 6457 2681 8285 4587 6244 7988 3754 463 2513 6138 3595 7616
12 445 3138 4665 7602 5668 330 531 4099 578 1067 3241 7487
11 3693 3024 3512 640 9135 1143 6121 4159 3432 9022 3447
12 2020 6110 1959 9511 7438 704 691 847 3210 202 4669 153
14 8395 1024 2495 3816 6742 1222 2585 2187 6737 6460 5302 2042 1822 8576
14 2008 2748 1995 4246 4666 4318 5043 3165 8510 1639 9607 8289 9292 8732
12 8406 8739 409 98 4953 4664 8996 6885 2104 8688 2501 5308
13 5598 2838 8198 2896 660 9647 711 6178 2829 1967 3877 357 6522
13 3030 1593 9845 95 1460 102 4326 8800 352 3509 7594 6292 8906
14 3471 7471 8784 8434 9042 6584 907 6491 883 9720 8446 3846 2452 4997
14 7141 5113 4848 5626 8681 5291 8665 9900 3429 1875 5040 3606 9462 4845
14 8102 864 3426 3594 1281 494 5951 2292 2565 6808 4470 7440 3416 1915
12 8840 6239 1843 4613 8955 5050 8804 4588 4086 4651 1783 8197
12 585 8055 3947 9353 4409 6336 9964 9652 808 3592 7259 7353
13 268 6924 9011 951 8575 3993 3393 2388 7573 862 5486 4290 4890
14 4495 9974 6669 9524 3054 5241 643 3867 485 8244 7949 6857 3137 5249
13 1353 3951 5748 4826 8772 9527 3205 2260 3895 1176 5041 8974 7781
12 8342 8073 69 1102 8298 2355 6237 9822 5101 4072 4840 2546
16 5406 9685 6951 9586 1963 5453 8555 7633 9963 2906 6379 6211 1771 5472 6116 2311
12 5649 5757 5602 6305 8118 4497 3657 9950 1568 2309 216 473
12 7640 8323 439 8085 8504 9381 6579 2122 285 1861 1308 7326
13 1528 8376 3129 9549 3112 1215 2404 5260 9896 857 4515 3340 9278
12 583 8426 933 6173 9262 4400 8667 4113 9298 8960 2580 2190
10 2941 1984 8902 3605 3936 6925 8871 9219 4055 5651
10 8204 5006 5686 8831 1355 6744 6905 6680 4219 1914
13 3025 5393 2147 4703 8059 6313 3759 3373 1299 2977 6920 4682 5233
12 1735 9544 8254 4376 1106 1676 8998 4498 6848 1946 3292 6816
12 5304 8104 3632 4245 7477 444 6197 1930 2086 852 1834 4316
12 4829 1201 3732 4713 7746 7457 5031 3507 5278 6234 1468 4484
12 741 2123 6296 8146 7710 2751 8798 8603 8148 4121 5180 9428
10 5381 8699 3510 211 7816 1309 3751 2438 6415 5625
15 9979 7210 332 8766 2180 2653 1509 379 5001 7488 8125 9800 6728 8544 3391
12 8559 4511 1208 3778 7933 4206 1417 1264 5519 7587 1624 8833
6 6321 1352 6971 584 2346 6397
9 3743 2426 1955 1233 476 9379 3645 4106 4805
13 9581 2714 3368 3375 5650 7901 6893 2790 7829 2630 1695 575 4620
14 1269 3403 2036 5656 871 7216 9566 1752 1539 6696 6678 683 6038 4978
10 6039 284 4957 5815 6659 3314 4406 670 4747 8946
11 8520 3208 6200 1430 4639 9928 6582 6751 5176 4777 8067
12 3457 9495 4657 7174 9127 6407 3646 8014 1799 4426 6447 433
11 8728 5034 4507 1508 9751 2119 9159 4584 6238 9783 4979
12 4687 5746 3017 267 2654 9357 1220 3211 8225 5804 8140 7007
10 3564 5359 4717 4171 7777 5847 2407 1944 8807 894
12 580 4223 6711 9951 4481 4123 8909 7532 4559 7384 866 17
13 6649 2899 3188 6340 5263 1537 4819 7817 5211 7967 4340 2504 6574
12 61 7451 3317 7226 9457 8523 97 8610 8659 3547 6495 1832
8 4788 4200 8351 6474 3539 3308 6953 2947
15 5161 5060 5205 780 2140 881 1311 843 5033 1197 4802 2089 6375 7507 8997
12 6456 6053 1994 3840 4139 6639 8719 5708 8063 3550 4569 6530
11 8179 4194 9487 6615 896 4756 4528 8193 5909 2268 1042
11 6952 5744 9078 4011 3896 2043 9319 3761 8105 4044 7405
13 7877 5654 989 5511 2464 8151 4398 4944 9729 8815 1464 714 4407
10 7799 5698 7000 241 1346 9763 2901 7262 4988 6552
12 489 8435 8207 6771 3493 9392 5070 5700 7987 2063 2506 8593
13 9207 8586 1267 1873 9130 4986 3315 425 5878 2479 9103 6167 877
11 8184 5732 7253 6270 9263 8263 6067 1679 6880 678 2244
14 8420 8848 3541 57 7579 671 6247 5298 7176 6041 5380 5664 5715 5216
13 8675 2006 9874 5477 5601 5866 6716 6344 6915 6769 736 4457 8591
12 6424 8978 6818 5751 7535 5087 4163 7361 9192 2021 9023 232
13 5245 2782 9705 1685 6927 5690 5962 6248 30 8491 8627 4473 1307
12 6160 6877 5540 8803 1977 2776 9481 5526 5481 5301 5582 9880
11 7468 3482 178 9222 3499 3673 2607 680 4843 6281 7105
12 1866 7314 1326 2754 8876 9265 1942 2568 1389 6713 151 5243
11 3692 1852 8536 9512 92 5082 8990 4989 6610 4942 4947
10 8578 4602 6402 6618 7837 524 6562 7624 4235 7024
10 9121 8785 9177 4858 2648 4068 8624 8108 434 3262
12 1993 5112 6450 8614 8546 4227 5564 6681 8721 1123 3689 6608
13 3239 5572 935 4704 7548 2661 2045 6426 7145 6203 3163 6262 3652
13 9901 5990 3786 2112 313 9134 8378 8560 1259 1096 6793 6146 8986
8 7911 7804 9731 5356 4449 6036 724 7626
9 9411 3196 6307 7874 3220 7284 4433 538 4329
10 1563 8521 6352 2181 3721 6570 4006 7194 9043 1850
8 4882 1973 9118 4555 5279 9346 8814 5140
14 5902 842 7648 2425 2635 9037 8882 709 5844 3790 2804 8334 2205 5482
14 7229 8979 502 2992 2787 8937 7282 462 4236 4074 779 3714 9113 7447
11 4066 4437 6879 152 8367 2673 9272 4302 2796 1842 2978
10 6965 3176 8338 6634 5662 3760 3561 7823 3753 4698
12 610 8566 4299 3783 6023 5952 6331 8895 8916 8748 9780 1899
13 7318 1090 3557 506 5069 64 4699 2054 7508 7900 9574 8935 1217
13 2429 2436 2539 6186 2041 4764 2640 9641 5219 8159 1199 3213 6542
12 6633 8447 7373 511 3038 6399 3930 9370 8494 501 2218 2960
12 2278 5818 697 2717 849 9158 8303 3476 7231 7178 4591 6943
11 2774 6756 4228 832 5913 2702 3157 1981 6605 4212 5002
14 9020 9246 2399 3966 3502 2802 1415 7515 716 5534 8150 4718 7650 3581
7 2418 1023 1531 9433 7065 3154 1933
11 9291 4455 9349 7263 8243 1779 7381 6619 2959 2024 3152
16 9626 4537 9030 6710 895 6705 5409 930 8984 6999 387 2439 2722 9941 8343 9099
13 9187 6752 9944 1986 1684 5135 91 546 377 9911 6864 8650 2116
10 8509 1689 3199 376 3117 1583 2969 4689 1922 9460
12 4586 2198 975 3680 2207 8761 7679 7727 9474 255 304 7819
11 4644 9680 8187 3775 1862 2558 3394 8843 8547 7394 4489
12 2327 9412 8157 6000 9180 9833 118 8533 8111 3121 5417 3399
14 4098 3424 1221 6069 8791 9209 1453 8506 6882 2958 9881 4453 2051 4198
6 7227 2291 1297 3496 2935 9917
14 6694 3384 3830 2167 753 751 7096 1523 2107 6386 2874 7164 9498 1145
13 219 6304 8133 3026 4652 4605 3227 7564 6103 5306 8460 274 4903
8 2176 9684 3531 7715 9611 9208 9754 2109
13 1815 3104 8382 7567 7190 7759 403 8257 3694 8830 7865 8383 1753
11 3008 248 5621 7203 4371 189 7924 7654 5305 6488 1772
10 5222 3329 199 7464 8970 7037 5250 1681 9671 3130
11 8271 7347 6969 4017 2075 5465 1638 2228 6743 946 2532
8 9670 873 2981 9249 9838 3501 5139 7332
11 2944 3989 2783 7193 5837 2602 7143 9438 3498 8218 1037
12 6361 5856 6327 381 3338 1864 4105 5074 6722 2863 5801 5704
9 3321 3124 6374 9440 7516 3173 6775 5532 8025
8 3647 1349 9234 3624 4209 7806 6378 5600
11 8564 7585 9045 3191 3047 9923 1443 7613 4263 1328 7879
9 7716 646 2753 6098 2025 2383 4893 5016 1932
9 113 5480 3609 979 9482 7222 3924 6312 405
11 6913 9255 2338 6357 552 2480 6393 3997 9001 9983 3635
11 6607 4815 3602 5917 5584 5238 3675 7207 3225 6602 9959
13 3168 6786 9926 1111 607 8094 7445 9077 1561 1924 2332 9758 4075
11 2313 6735 533 4410 6825 9972 9505 137 7006 338 9709
12 1724 271 7637 7554 1175 6512 9044 355 1871 3277 3139 8779
12 5402 8774 615 1627 1902 9062 649 509 959 9333 7021 7944
9 6900 2422 3475 2982 8306 9987 1071 7132 4770
14 2507 4112 428 3114 9681 9033 5557 7275 1051 6868 9015 2345 7560 7003
14 5343 166 3603 1500 6119 708 6484 396 1872 3505 6437 582 9722 5167
11 3667 9666 9890 5892 3583 3949 4724 4884 5907 7712 8553
12 554 7319 3938 9190 2033 1745 9075 2035 5099 3799 6591 5309
12 7088 5369 5699 9314 6580 9836 2072 6161 275 5864 6625 1761
12 8587 8715 3739 6652 2304 2954 1048 5394 7389 1592 122 6025
10 6418 2511 9105 7152 4503 7769 4853 5386 1844 7454
14 9698 7117 5090 656 9537 7642 1412 4046 938 4085 4916 9534 1345 8046
13 8698 2915 7086 3058 9018 9202 1422 2477 1117 6596 3672 1029 6862
11 6780 499 1529 1943 6218 1203 9826 3772 2400 1905 7821
14 6767 6159 9385 9071 1913 3102 7555 3133 9844 8099 2281 5092 1720 1989
13 6044 7638 4207 3537 6101 5400 4965 3691 8072 1715 3967 2715 8258
10 4056 6875 6942 2382 2352 9171 1762 1880 8693 2204
14 2531 9401 1223 7662 5642 5695 8694 4031 7872 1603 8017 5389 6863 3299
11 3410 874 9640 8989 5799 8412 8485 6566 2359 1383 1870
13 5881 6455 8915 3398 6078 4744 2115 2898 5462 3845 8963 5083 2721
12 1879 7249 9557 4585 7682 4327 934 5941 3597 2526 3377 3489
10 8086 892 5025 1399 9268 2468 2125 9421 3222 3006
11 8189 8277 326 8653 475 8938 2290 2907 4499 6231 1236
13 2828 9316 9297 7934 5495 1733 7595 3261 8028 8864 4981 7809 9225
8 1794 5554 6220 7382 5628 1256 2053 8961
11 7849 6168 4830 2799 4786 177 3685 1193 1461 4060 4547
11 394 4352 318 9871 9538 9737 4879 1429 5610 8743 3767
11 6269 7792 6420 8747 5422 4366 5764 5879 3752 9085 4992
11 6843 1674 655 6503 908 8780 193 2366 9513 6240 5117
