30 3160 3832 5608 7694 9956 5829 2775 2298 5784 5748 1532 5749 881 8144 5579 8149 4148 4700 4946 7628 5431 1561 7137 8202 2796 4450 5882 7435 4881 4678
27 5954 2414 5503 2916 9384 721 970 1368 2142 1971 8215 3020 2589 8883 8422 8295 5806 5246 5605 2641 8428 5657 3459 4412 8225 7399 7348
29 2822 9890 7030 915 3598 1465 8046 6727 9380 4831 5068 3494 8824 8512 7298 3920 1840 6512 5498 8997 2515 3966 5250 351 6324 427 2516 4707 7688
30 2921 7313 6931 8781 7699 8615 5610 7598 1725 5355 2055 4374 3454 6386 6457 48 3677 9513 398 524 9644 2880 206 9503 113 3614 806 4793 9697 2623
30 5831 9696 1424 3640 9073 8584 3881 5079 2158 1132 1218 4921 7873 4295 6129 2617 7033 3409 6315 1625 5103 4928 8069 5753 4485 8770 4811 1615 6564 5486
29 7136 2146 839 6819 9219 879 4567 513 2574 356 8358 2052 8616 3705 8489 4146 5539 7292 5463 246 5866 8508 9623 2294 235 9148 624 119 7460
29 3117 2830 7574 4503 6032 1016 1095 1222 6764 7045 7419 546 5811 2842 5122 1517 9483 2111 2660 1624 6870 1987 6467 3447 8747 5725 9080 9731 7533
31 2820 3198 2496 5077 2769 2930 4192 7327 7347 1167 8262 8466 2760 5770 781 125 751 6841 5531 9624 646 7241 4225 8430 8962 2883 7154 41 7002 1484 1864
28 9997 1788 9591 5815 3954 3347 1854 2232 3156 9634 2100 1163 5974 5330 8882 8288 3043 9528 1823 1273 8091 5025 6661 1347 7788 8916 9645 1596
29 835 3384 2442 7253 3139 1913 5022 7896 6944 431 6185 2891 4892 412 1892 8355 1469 3376 1213 3252 3969 5902 8739 4705 2533 2776 6266 3957 1773
29 4506 724 6770 7529 16 1907 1042 1917 2542 8988 868 67 2416 2404 5379 8031 6802 588 2344 6381 7434 6158 9569 88 8749 4384 9094 2809 6301
28 8450 5955 7402 8778 9382 6767 930 5506 5878 5100 7284 6434 5869 3034 5842 3662 52 2029 4786 4208 3691 783 1375 8637 3274 7801 8470 6632
31 7833 3756 476 8592 9042 4715 4165 6452 6167 9880 5802 3144 5440 4873 6646 1661 2939 2324 9323 6946 307 3761 6831 708 9433 6317 6577 6667 6776 6061 2338
29 2603 5262 405 8870 5472 7798 1644 9391 7513 6854 6331 9973 3431 6814 8278 9217 4332 4727 5741 7476 3337 8021 6066 7376 859 5633 5543 9403 7534
28 2854 1660 1425 6046 7279 837 7842 7054 8517 4388 3850 7039 9057 1962 5962 7924 5880 7823 1058 3140 8071 6848 2340 7453 638 8024 6498 4712
29 2139 8644 4390 9646 1175 2555 2992 308 2541 2832 1082 5192 2120 2066 7509 5767 2287 2312 6725 7283 3792 8173 8010 6103 1287 9099 3024 2810 2681
29 9670 4469 8205 5511 2640 3623 3318 3348 9059 4031 4062 7939 527 6811 6399 2982 2475 2043 3602 7635 761 1356 7145 7055 3998 7280 9113 2349 2007
28 1959 5354 314 9251 3620 1985 6816 8572 190 1310 168 1493 5497 3382 5727 7700 3013 4404 9783 6346 1475 3002 6593 7517 731 9916 1851 7049
28 1785 7132 626 3579 6030 931 3267 9745 7869 6015 2763 5083 4547 7682 585 815 2224 1341 1190 9566 6662 2089 8902 3237 5747 2291 341 4171
30 2635 2711 4246 5908 3867 6790 4677 5166 3335 8249 2274 7415 2590 7282 2606 6915 1094 1783 4525 6760 3007 104 5607 5437 7799 7868 7544 103 6332 3555
29 6933 1377 1365 3679 7151 8575 2301 6902 3429 1120 5366 8623 310 331 7663 4633 6220 2364 4596 3852 3967 1696 1208 4624 714 5261 8195 7921 3808
30 5260 8372 7539 3027 1822 9816 4104 3541 7880 5757 6860 3110 6354 907 9389 5346 7385 4492 3293 9730 1940 329 1455 8388 3424 2248 6203 8011 7903 1793
29 493 1415 8177 6463 3612 2401 9467 3830 9994 230 1233 7345 7370 6665 1249 6448 2219 6962 8171 7783 7825 8809 5221 3996 3450 581 3583 8771 5681
29 7590 3968 2202 8851 1614 5148 4314 6658 3182 7142 2722 7336 686 5411 2903 210 758 6884 3125 5708 9746 1251 1658 1841 2812 8117 6673 8744 362
29 333 8039 4060 191 2736 357 8266 8569 8581 1028 2083 9910 1880 9250 8279 5443 2466 4310 478 631 1335 797 4403 7734 6761 4762 3589 3530 6065
29 2098 9194 1040 4769 6382 2633 6580 2591 2322 6160 5397 2426 7949 3502 4851 214 6204 7231 3244 7098 4007 3087 5085 8510 2214 6159 3697 7178 5208
28 6261 1764 8468 7183 9984 663 1441 91 8741 3912 2457 2030 7267 5063 3700 1353 8283 1161 912 9641 2023 6923 7224 3084 7477 5398 5698 8307
28 7759 3265 3878 7120 8613 8701 4858 6112 8235 8723 9363 9412 1214 8639 8650 9588 6078 2070 244 4711 2461 4000 8985 5946 1404 9398 4556 5044
28 2734 9328 9104 3519 6748 5860 4788 1340 8541 8477 2629 4440 4658 4382 3942 7271 7750 7570 8563 7634 7786 9715 459 8032 6136 4913 7926 7153
29 6599 8724 9447 4238 9459 1250 9856 1342 9853 7024 6357 7195 7596 1147 7739 169 4051 4054 2026 5920 1284 6047 3613 3586 2962 1316 1655 3868 6164
30 3060 1938 2890 5237 4415 8714 1282 939 1411 5769 4520 161 1709 6763 6137 1308 3888 1456 904 3885 772 4285 269 7197 9221 4571 6972 937 2968 98
29 2446 1187 766 4068 9408 9937 6779 9439 4880 1193 8325 1228 123 8661 3065 2970 4839 2110 9534 9518 853 5933 506 3374 6076 1396 9723 6650 6148
29 2234 8085 4338 1140 6936 5244 7381 2770 9437 1620 5121 5964 8721 2235 1146 9716 9047 9471 8537 3976 2733 6805 7658 7520 787 6495 769 5953 2659
29 5454 7256 352 4773 4909 4126 6262 4221 7392 3215 6268 8573 2826 9280 522 2006 7499 7129 5554 4853 3342 6070 2190 5380 7683 5466 1464 5021 711
29 2922 3611 7487 6640 5461 2395 3755 4486 2744 6562 1304 7450 7213 6612 1482 7018 8200 8720 2321 4399 7366 867 6080 1031 2751 4228 3207 1136 4747
29 2772 4574 2874 3476 9640 6322 899 80 5496 1980 5412 1244 8038 2615 4414 2951 4893 9174 6775 2449 1234 8275 6986 8084 2938 4947 2444 7978 7577
28 8033 9858 436 9470 8438 5680 5307 8790 2613 8783 8689 2928 4316 6082 1029 7587 3470 56 6039 6140 401 6370 5558 4959 7542 2357 8298 6133
28 8103 4049 8654 5031 3417 3536 5714 164 2247 8680 9548 2935 7459 9824 4776 4814 762 9626 6314 5871 6342 2905 6260 5391 677 6496 4037 5666
29 4172 4107 8543 1779 2003 6278 220 9183 5862 6824 9035 8832 6581 2724 4829 2237 1567 505 2690 6087 7504 3032 6355 4039 6325 9542 7789 4586 6596
29 5634 957 4989 3339 8833 2966 5224 3079 2797 8627 2558 7071 2116 6719 4943 2193 4033 1611 5655 4301 2081 3538 8633 374 9353 1486 9152 655 7917
30 6428 7735 1271 5898 4717 5226 4983 1203 9943 8322 6277 4292 8859 1919 9135 3894 713 9830 211 812 7262 9009 6144 6771 6040 7094 6798 1150 6806 5255
30 7245 3288 1196 479 9454 1283 5167 1302 3802 6847 8067 2370 1650 1829 1667 7556 7737 5614 7027 549 2787 9206 1110 5286 9124 7770 4954 1739 8816 4644
29 45 6891 27 7031 1983 2037 7992 81 402 7240 8588 1431 4019 140 5080 2428 5214 8087 9671 5750 8656 6243 8411 7754 9074 3988 340 8216 5065
29 8854 2381 7708 450 3350 7116 7728 6411 7872 8377 4370 5322 8214 6773 8390 8675 5577 9040 4534 3433 3789 7113 296 4979 2559 7152 1446 8640 9343
29 2368 6227 6497 7011 5566 629 7016 9477 1420 8458 8013 4223 5803 924 4011 2032 6282 6146 3253 8107 9693 1065 7451 4210 7354 4381 7223 7850 5320
29 9475 7901 1312 5965 4966 7845 5744 5916 2021 4413 4647 5647 3631 3241 2761 2369 3250 2432 5419 1684 9897 5893 2159 3469 2884 8567 5870 2059 8180
30 5679 5030 8432 2604 5534 4834 2569 8239 3984 7468 2802 4101 1371 1544 7112 9355 8221 3805 9709 4086 913 3093 4563 9374 7714 8343 1943 8501 950 7908
29 3042 6488 3772 7894 9416 5705 1689 4524 6559 8912 9375 1329 9216 5817 213 2283 8534 2307 7632 5267 2222 284 2392 197 5985 940 2915 4708 2497
30 1666 1204 5941 7636 4926 919 6618 2748 7748 4174 5297 4127 9187 683 6749 700 5627 3109 3056 6394 9226 3658 520 7619 8203 8846 8582 5845 1665 6588
30 5266 1833 534 5345 3735 9484 7203 4975 4315 1895 9274 3379 2122 9906 9845 8140 6545 4843 7210 9922 864 4220 7182 2566 5686 1449 127 6881 8514 7887
30 6440 5370 1035 2777 2756 6444 738 745 5223 1839 7097 1688 4028 1436 7792 1461 2278 5487 9465 2596 776 151 4912 3910 6022 7521 3355 7008 2585 1993
29 3039 8561 994 3656 1051 8820 8991 6128 3647 3158 4929 7536 76 3246 1963 1457 633 9717 8233 9911 3999 7686 4462 9813 3930 8077 8574 2386 6246
27 6613 7006 4088 130 5658 4393 6267 435 1098 3340 5906 384 4428 8094 5230 5695 4149 5631 8138 4606 6126 4613 1374 2976 1881 5844 2668
28 6198 6330 1062 61 3396 5713 813 6686 9781 5490 4178 6954 2818 1046 6072 7888 716 2420 4439 6984 9275 7562 2437 3493 3993 1369 6235 8805
30 2440 2163 6785 7689 9385 4910 6822 6519 8488 74 8728 3364 5000 2577 3003 5104 5730 6768 2229 7314 9532 6165 9369 4176 948 2819 3652 5257 7655 973
29 1434 3562 2332 276 7323 6556 1198 6652 9289 1301 8147 1630 9739 680 9177 2581 6079 1732 2272 7067 9265 3861 3257 5009 509 4895 5374 2957 5987
28 1179 7760 3505 6890 1835 4200 4355 8865 6446 3185 2955 753 3490 4992 5909 6483 4112 7438 6853 4670 6913 4075 7220 6251 9320 8105 1106 5033
28 8019 4830 5967 288 9899 5726 2375 5850 5053 1555 4262 9839 2355 6063 557 6837 2484 595 8199 5362 4920 8408 6899 7505 7508 9474 4791 6135
30 156 4801 6671 128 1520 5151 15 6105 7296 6436 8316 3565 648 4136 2080 1188 9931 1832 3928 2118 6035 8735 5576 8326 2285 4367 2448 9573 6142 2254
30 6812 8579 5241 8969 3322 8471 3186 5188 8001 6162 6276 4898 5404 8605 3812 7948 3437 9387 1950 5733 1101 7 1155 2856 3559 4297 5285 7631 1738 9770
30 1711 9814 3247 8492 8717 2914 6657 1804 8828 4900 3637 1168 4284 3923 539 998 3073 8461 1623 9316 260 364 5518 9198 2405 4411 4619 2273 4605 1199
27 1134 1817 2554 477 1210 784 6859 800 9231 6256 4443 9116 7549 5606 66 6180 3596 9017 4886 8059 5172 8763 3369 8987 9869 8768 7272
30 5876 6956 8152 6151 7191 2141 6123 8410 5457 9851 2947 886 584 6115 6114 9902 5943 4970 3085 7961 348 6934 8676 6694 2109 9082 9143 9422 9786 202
29 1566 5645 6683 7611 850 6681 5525 8201 7227 7202 9889 6918 2948 9303 2082 7844 6698 5187 884 7510 3550 9926 423 8929 9069 8712 3979 1928 511
31 2758 2091 1060 9227 3172 5940 2394 236 1904 4117 3683 9835 521 4823 858 2056 3152 4373 8242 6963 5123 9473 3217 5961 2619 10 9924 9679 1079 1653 3810
29 5959 3860 3128 429 7295 4286 2295 964 2470 5704 8330 9689 1618 9769 2817 8780 4538 1858 905 6957 4253 2377 6579 983 4688 9347 1327 5284 9418
28 9151 5233 457 9352 3702 6520 8006 3858 2983 597 21 3507 5282 1418 8148 8908 2419 4035 6054 7403 6886 7905 2694 3661 7050 3645 5988 6207
29 5604 5160 9117 563 896 3707 6125 2642 3203 4444 400 4460 8294 239 4602 1142 611 5541 8119 5931 6219 7254 4242 8836 6713 8660 8487 3872 3504
28 9861 862 7695 3698 6102 1659 4093 883 9457 1427 1349 2808 5137 345 9763 8362 8982 985 3737 5335 2605 9399 5300 3848 486 7968 2467 9873
30 4467 8267 4797 5185 9076 1257 704 9571 8914 6296 8628 6224 5913 406 5220 669 3927 3068 4787 3666 154 1902 7818 2824 7228 8533 6181 1288 6217 3386
29 9832 929 4878 1113 3950 6000 9537 134 3192 2175 7268 4990 4914 1262 3828 99 4819 6965 7225 4899 4528 9603 4267 3219 4138 6377 2143 3334 7502
28 9738 8453 275 68 1700 1080 7773 8564 4089 2039 1849 3670 2705 8446 947 7909 7236 3432 2022 742 2816 5995 6548 5571 7970 1967 6947 6279
28 8725 9594 4794 1192 273 5448 167 1784 7111 4289 2909 6191 2124 9365 178 9609 6607 1654 2319 8800 9271 469 5341 5660 7396 3092 6524 6179
29 2863 6152 5555 1756 3764 289 8756 3103 6218 5700 5508 6648 9007 8020 157 4488 5642 4557 1741 3414 3029 1324 6477 9101 3687 749 587 8539 6625
29 7080 9561 6959 1100 4710 8910 2346 9184 8793 7671 2513 7706 3839 4919 1771 1866 514 2087 9597 2898 7819 8951 8188 5677 6490 8880 3719 3540 7774
28 3883 5524 9820 6416 7161 2144 5058 3556 3770 2320 9281 8857 3435 2014 512 6451 4438 5340 2665 6004 786 4342 8690 121 4580 1801 7270 6511
31 2150 3877 5209 5115 9612 4573 8711 184 9725 5369 1259 7407 8815 7443 3759 2424 9196 4125 507 2164 3466 3296 7034 897 3995 8779 8782 4872 3366 1367 9346
28 691 9764 7395 9732 3524 8277 7572 4137 8645 2892 4684 7068 3356 9464 1145 5971 8972 2447 7208 5444 8930 9333 3498 8788 4936 3057 2781 8696
28 7318 6021 1339 3659 780 9096 2057 662 1730 3304 7472 7082 3290 3926 6945 8135 2593 4541 8054 9386 890 7169 4319 4320 6013 9927 4354 3188
29 3516 4447 1805 4239 9129 7980 4722 8873 252 3086 2735 6460 5451 4748 6147 3886 2485 4191 2131 7398 201 1381 9789 9022 892 3796 3985 4775 9837
27 5455 5147 9200 9559 304 8281 1898 177 9658 392 560 2184 9414 1914 5356 3639 7808 6695 9801 6095 7017 3165 808 4961 891 1891 1268
28 7678 9360 551 7724 1390 2167 4231 6747 9854 6188 4504 5834 8332 1452 6321 5648 6124 8271 3485 2543 346 3676 4270 6011 1428 5609 4866 9527
29 389 9446 5492 3903 9621 158 2258 7379 841 3532 332 1045 4456 4215 8007 153 5758 5394 5573 8643 8692 6700 3561 3577 7618 4479 5372 4339 3517
27 6130 9440 446 2384 5999 238 2096 927 2788 7942 3392 9750 855 4743 1409 8168 5295 5495 3394 8361 9305 7967 6431 3196 6311 1638 6088
29 8980 4260 698 34 3373 9625 5052 185 5390 619 5578 2255 9833 339 4128 8578 6518 1033 759 5616 6937 1072 7252 5665 6828 4346 1255 6810 6422
30 2995 3581 5049 4481 3126 1260 2138 1004 1932 4004 8123 9690 4435 1003 9068 9959 9666 9098 2568 6249 2460 8856 6834 3070 1731 1454 6308 24 6240 8314
29 9058 8502 8207 3501 6509 6718 3703 679 6919 7597 7243 8347 3456 7321 3271 7013 183 6628 1931 4719 3475 1077 5452 1112 2721 1939 5948 7806 470
28 9053 7229 2803 4169 9224 7575 8072 6622 5157 3905 2071 3546 8413 7300 8255 1636 635 3890 2702 9199 725 9536 1685 517 9244 1540 9918 8799
28 7643 6543 1842 7698 8699 5945 147 7866 4758 290 4140 6707 2389 6701 4723 318 8599 2792 4451 495 136 5814 4036 3948 7746 8682 8270 283
28 187 3240 4236 2524 9175 3380 8594 956 1127 3481 3743 6999 6368 3010 3026 4756 9169 4103 7003 9516 1605 1153 5765 1978 7616 2088 9438 5227
29 3190 1568 811 271 3746 3323 9027 7375 9975 3018 7955 8862 6238 6206 7884 9923 4421 8764 3960 5980 342 6019 9744 7445 8088 856 2329 2031 6546
28 3183 7613 7475 9804 1776 1994 9235 6978 3678 8131 3055 5852 3199 2220 9681 1977 2663 7732 6023 9493 5735 8716 1479 8810 4026 5712 3403 5638
28 4904 4349 656 5516 6211 5901 1160 5556 1603 5879 5597 1825 3834 4423 3446 4177 3512 8023 1286 1729 6081 146 349 8520 5711 5729 1350 2480
28 3425 1599 9584 8118 7707 5896 5348 1322 1802 1007 9970 1723 1920 6721 5972 3067 3895 4654 7168 3052 410 9449 3483 7074 7923 2385 5216 233
30 2717 804 4066 2418 4824 3050 6016 5435 2674 1767 5133 4857 9983 4212 3622 580 361 4496 4836 1955 6549 1814 8888 9508 8955 79 6573 8353 6942 9138
29 7849 5673 5245 6258 2048 5436 393 4387 3100 6630 5530 1395 2148 3771 664 3616 9066 5825 8571 5047 7627 8102 8169 3141 1981 5926 6094 5851 8392
31 6885 7047 552 7982 906 8766 1055 8365 901 8993 7670 5036 3817 5611 9694 2342 9424 6170 299 3088 8230 5641 7444 6290 5019 2376 5386 9778 1727 4635 6575
30 8232 2648 687 6475 8540 1448 1133 4282 9362 9733 5055 8889 3955 8035 7860 2204 1894 2206 9674 2700 7070 4206 988 2655 1874 3859 4437 7837 9015 4576
30 9822 3075 7096 9492 3264 2747 4082 6826 3604 1121 8309 3863 300 2276 7025 3609 3102 3971 538 4911 3751 3809 6196 6723 7857 8777 1474 2959 2969 6173
30 6340 5535 3361 1818 7986 9980 1760 7891 2499 2233 1248 4431 2647 4179 4546 7344 9453 7212 5239 325 9779 2490 1569 4445 6517 25 1947 3457 3970 6055
28 6430 4581 4754 3149 5333 2137 2154 3871 9338 7455 6705 8734 4132 2551 3096 1819 8667 8866 6789 4731 8881 8905 3135 8043 4995 4827 7537 1990
29 7851 3104 9868 1909 1398 9678 9955 9461 4521 7812 569 2153 7237 143 3461 8860 386 5640 4826 8086 7669 4968 2987 2360 651 1705 9388 7718 8311
28 3448 9960 9992 5537 817 4009 1639 2771 2194 974 5601 6582 5847 1223 2372 5026 2231 2899 2592 2871 1703 3823 3688 6943 843 5774 6898 1766
30 6056 2563 1896 8297 8324 7528 2221 8454 4874 8486 7743 7802 5694 709 6484 9390 733 4406 2839 535 7160 7269 3591 7897 9667 3717 7726 7474 277 7326
29 8172 2996 1468 736 9811 1241 3332 851 3430 3887 594 8878 798 394 1847 559 8190 9295 2333 8379 8662 5143 9608 3478 9253 9476 4590 9841 3642
29 5371 377 9257 7638 3259 6922 6027 4298 6979 7038 1256 4818 5347 3094 8814 6696 7779 5755 8082 9701 6383 2002 2421 9620 4584 2712 6404 4685 531
28 2870 750 7343 5740 9606 8530 9489 7800 7338 2303 3908 9593 8691 5808 270 4737 8757 6336 1582 944 7736 1966 441 9582 4224 5736 8715 9212
28 9145 6257 4170 6363 1558 6876 4730 150 4190 1671 6893 6098 1467 6228 1114 3535 6487 3638 1230 7420 7263 7073 6887 3943 1115 3289 8092 8395
27 2223 5325 9336 9522 2755 7383 9302 6286 4145 2243 1799 3147 6182 3441 6540 775 756 6476 8459 8048 3358 2978 3510 730 2008 7322 4331
28 2584 8698 9417 7979 2963 5117 5883 8609 8423 5425 3336 3606 2397 2121 3377 9344 4113 8843 7410 992 8825 5363 5649 9686 8736 47 5513 5707
29 5254 9246 3258 6871 5968 3275 489 4394 8076 9006 1545 6033 8976 6728 1936 8490 3301 4509 5186 2362 5094 6194 6840 9661 4664 1227 2911 8619 7555
28 4114 9038 1816 8890 627 2053 1344 8389 2132 5035 5329 3131 1701 1401 9421 494 6877 2988 272 8785 8359 876 3706 2691 8061 7966 6952 7820
29 6975 2847 5846 4802 5171 1681 5912 9939 3234 790 4533 2020 3584 4617 6742 9852 8773 4070 6528 7372 5743 8344 9450 8672 2709 166 2481 9882 4361
29 9141 2550 4122 4327 7976 9721 9961 2238 1354 6795 7847 4687 1319 3368 6892 9326 6432 1169 2929 4359 6529 1388 9486 7306 2095 641 6184 2786 2783
28 6096 2198 5903 9933 1429 8108 941 2435 3130 3608 1867 2044 954 6253 2464 4335 2972 9156 7373 8301 2764 5358 6659 4337 31 4548 6830 8385
29 1111 816 6729 6928 6407 3036 7870 3151 1306 5235 1290 1000 2382 4092 7809 8796 4424 2695 9653 1903 4846 9834 1107 7498 6838 1975 6028 6960 2565
27 3660 7545 8934 5553 1053 3680 1677 1151 9848 5822 4241 6287 6510 8686 3132 9547 8129 461 1366 1075 9102 723 7101 889 4532 2400 2634
29 4891 5703 4701 1670 9128 9268 7286 1593 7278 8840 9317 7522 642 3635 5848 8338 5409 3814 7181 8827 6777 8452 9479 8632 5158 8110 7856 7997 5470
29 7320 625 8657 5529 9079 2147 62 4015 1888 902 8493 8258 4720 1934 2675 305 8373 4164 1578 5977 4876 6536 9879 5445 4416 9912 1022 2814 2661
29 2600 5097 4757 7648 6237 8418 1131 2762 2728 5278 9093 3892 3434 9309 1774 1664 2631 2309 4299 7963 6373 9048 217 632 8241 9613 5928 503 2084
27 295 6980 3937 1860 3762 8693 7406 3644 6312 2009 5350 8755 600 2546 3674 407 4704 4572 5164 959 2579 8179 1594 12 8941 8443 5723
28 9191 8404 7793 502 3331 5020 6731 4828 4185 5763 8894 9502 5428 6684 8341 5565 3576 9647 8291 774 9663 7092 3655 7717 6415 3083 5178 7162
28 6781 9688 1924 7244 676 9258 6710 3625 420 5045 5413 7355 2998 4090 1552 8688 7221 1640 3773 3915 1513 8287 7480 4222 20 9423 1559 8096
30 3636 4634 1956 8503 4046 3164 5368 365 6538 4885 3398 1548 4344 3543 9672 30 6786 5199 744 2941 3077 4626 5992 8838 2491 8695 3734 4058 9782 9958
29 4967 5130 6857 2876 7890 1025 5671 541 3195 5975 6800 3315 322 2790 5839 7725 4934 1225 6387 2112 5625 8280 6636 9637 4905 3710 3816 9349 3570
30 3353 8184 1893 417 9378 8074 3292 2439 4642 3724 4864 4822 822 4147 6908 5581 7053 6726 1906 7848 2259 5087 6122 9146 2025 2626 4682 9615 3829 3818
27 5482 2607 7015 3385 5855 2212 1229 3040 5176 734 4032 2685 3317 5152 7102 1536 1376 6045 4016 488 2575 3947 6053 3649 3668 5717 4875
27 3187 3210 2954 2472 4622 208 9803 2536 1609 6666 7352 3846 1126 231 6706 3939 4043 6058 5179 4939 3864 942 2618 6503 2881 7362 4690
30 4611 7179 5213 2399 7650 1631 5318 5863 1299 2281 3254 8668 2474 3134 5367 6591 3525 8614 1502 3539 9711 4198 2476 607 1790 8708 5430 4890 6561 3748
28 2849 6557 2241 2693 1745 7723 5683 3587 8876 7462 8253 7432 9370 8334 3063 2125 3574 5236 5799 279 3933 7665 7977 978 8559 2616 9650 447
27 820 688 9913 4099 404 8663 7719 2450 1549 3774 4774 8821 8345 7919 9595 4378 335 1336 3776 7956 4041 6101 6981 4531 6041 4674 5204
28 9581 1824 7984 8919 2195 7625 1612 7878 9393 2689 8602 2857 3488 4713 1706 3343 7437 5617 4991 2750 4022 1953 2597 5337 5196 9904 2532 9255
30 8598 9445 182 8566 5207 9263 1276 7065 2738 3341 3648 2931 9703 2878 1642 4779 8942 2462 7994 1710 5139 2172 8354 1782 823 5615 573 7938 6390 5211
29 719 9054 2795 9797 1422 1123 408 3669 1707 2937 4272 7466 9051 2859 6272 7363 6539 8414 9266 3690 1332 6825 7659 6911 7647 1798 9452 4767 5823
29 7138 6791 5334 2512 9702 6504 1373 4566 530 7835 7409 4657 3721 259 4813 1453 4328 2653 5272 4861 7821 118 8126 7486 4646 8981 7817 869 3531
28 9392 8669 5973 3560 5612 2126 7361 8022 8848 9178 2509 545 8337 3321 2666 3672 645 2227 8056 454 2180 9225 1311 8555 1543 3148 3202 2719
29 3016 8546 4951 5675 1964 4175 5499 572 380 6572 391 4153 6456 8938 7962 3514 9283 2740 6712 9085 4554 3874 1646 9348 8174 9642 951 265 4659
29 6507 7855 4632 5247 434 7144 2058 173 6215 9870 1680 3298 5828 6406 6502 3287 8707 3884 424 1116 1008 3593 6501 6769 6222 2706 5317 3059 7649
29 5588 3025 3701 540 1267 7430 590 0 1064 1083 5314 359 2092 7290 6100 7200 9140 9426 5841 9337 5676 458 1202 9948 2046 6327 3962 2556 7559
28 5832 482 3119 544 1926 2201 4183 5138 1657 2846 5407 1419 7525 7404 2984 7893 9810 4470 8429 9807 5858 5145 821 8112 3936 1015 3305 4594
28 8141 4759 910 9891 9520 605 5857 7768 2179 6084 5781 872 6367 2657 7882 5978 4800 9567 7495 3768 9574 6455 9819 7601 5275 5734 8187 2528
28 9106 1143 4507 4217 4144 6844 3949 2136 9954 4483 7257 5292 832 1494 5270 3641 3552 4868 1426 6894 7454 7501 2896 3239 8830 788 2956 7690
29 3249 4397 6294 2459 6410 7249 8634 2242 7163 6344 6210 8284 5352 8509 2683 6462 2798 3231 7064 5194 3564 9682 316 8542 8247 2501 3138 3918 411
30 681 2517 6245 2205 2614 4716 8726 5670 1258 4229 9420 6318 2897 5894 6291 8560 7126 9409 5098 7350 1901 6605 8136 4449 1017 1728 2567 2067 1875 8629
30 2038 7794 8523 5794 8282 3898 791 8913 9350 4193 1207 9545 7838 8115 989 4855 802 4106 2113 9144 8767 1432 5715 9602 5091 105 3760 1295 3580 7134
28 6570 8896 9366 7331 2752 9874 8958 8478 685 5523 5547 7387 5395 9233 7130 3389 8498 5242 3378 6949 6401 2210 195 9025 2572 2123 3472 6014
28 327 2156 3991 1407 3462 5598 6753 9407 2794 7755 7401 9842 8296 2852 3269 3747 5746 6617 8186 7041 2932 5141 9377 5996 7463 8596 836 1627
29 9351 9443 5771 5462 9966 5423 4495 466 5760 2919 1837 9908 9072 6388 1905 3458 222 440 7333 4330 4234 4971 6858 8823 5110 7089 1473 4097 5193
30 701 1595 4994 5129 2145 5251 1076 385 9172 87 7784 2260 997 5332 805 6156 5982 6403 9487 4618 8822 4709 3990 5776 3081 8002 3120 3956 6843 3399
28 1826 5801 9460 1205 6459 2358 5693 3090 4083 409 4579 7753 5289 799 866 4340 7676 2886 9294 5979 5339 3022 4326 8515 2779 7900 936 9354
28 3592 5613 7014 3278 4123 9963 9989 4734 8874 6412 2062 8861 3629 9207 7088 7307 4838 1195 8684 3263 3097 4013 3578 5819 6059 390 4962 1099
29 7674 1752 5475 6250 6973 2036 7910 6361 2318 2654 8260 6997 8604 3730 9002 234 5594 6850 2173 483 4663 9298 9468 6799 5538 9134 7261 2075 6017
28 5835 8961 8678 7922 6445 1588 3091 2745 5105 5502 8511 7000 567 4180 1662 6166 3047 7217 3261 6604 7547 8557 6489 4681 9633 480 2902 5562
29 4115 5008 89 7449 6563 3118 703 2334 1253 925 1683 7122 9497 2019 58 4167 5622 2245 4162 3718 4778 7497 8998 3994 1716 5536 3840 6955 4871
28 586 94 9037 4896 9754 2024 8727 7489 4017 8206 1215 1948 6996 4761 6611 6376 5810 8367 1043 3365 921 7902 4790 2257 7738 8959 561 4364
30 3440 8299 5939 1067 2140 8445 9773 6299 3299 1871 3166 5064 334 4425 4925 7859 3978 7081 5899 6863 9171 155 8163 6239 1538 8197 2942 5667 8387 2406
28 1408 1191 5966 4535 9397 8966 8924 2409 3654 4559 4130 5442 2877 9844 2882 1511 9046 3880 9401 3843 1274 9061 9881 4459 5032 8236 4963 1911
28 7782 4980 1531 5997 2343 5542 6427 9078 2525 1883 6609 7108 9651 7150 382 9729 5505 9525 7285 4806 1775 1019 1633 344 497 7729 3038 1637
30 4182 7205 5324 3260 5668 3671 740 5424 1485 110 1986 6590 9372 6010 376 4669 6644 6621 1581 9480 4513 1945 142 1447 9065 6784 9828 4643 6647 5107
29 8044 9740 2330 5112 7109 215 4903 3997 3780 4055 9562 2986 5441 7118 8807 1439 2108 887 599 5061 9639 6733 6583 8685 9805 8893 1323 2804 5517
29 7277 9157 7871 1590 7985 8697 8293 9456 4745 5343 5603 1557 7560 5782 2893 6438 3650 1351 6083 5034 6514 8923 543 8556 4631 6002 8060 6157 212
29 3155 3720 328 3921 5109 4629 9165 2129 7316 2989 5904 7811 2825 225 4420 6692 1122 2216 1781 4202 1733 4211 4816 7895 3066 181 8416 7004 1397
27 306 3171 4318 4777 5990 1542 1944 8469 8655 1526 9871 7308 6345 5540 2034 1 1338 1252 165 3115 712 1583 1834 6901 5618 3857 6835
30 8078 3827 1364 702 3064 9772 7865 1592 9762 3715 4363 6989 1023 5259 6836 6895 6350 7834 1231 7762 9088 2628 9086 8772 7523 1812 6360 2268 4897 977
29 8858 1030 7496 2971 3367 504 7349 8506 3675 7190 4401 8659 6486 2730 4351 5546 101 4738 9896 6064 2831 5710 1183 2072 2269 7156 637 7194 4184
30 8544 8394 2855 8052 4186 4250 9831 9394 4134 3777 8944 3484 8813 2004 4417 604 5479 4648 7357 9432 7226 2621 7389 2302 218 9863 7029 6189 1235 6906
27 3873 4922 4765 2 5585 1969 2673 8264 7993 4542 9173 6449 7989 8842 8787 1927 3004 1565 9512 8405 8157 5624 6907 2749 3931 1001 4188
29 9601 8545 3693 2263 3907 1740 6990 7541 5159 1676 5175 9332 9249 6187 1498 7656 6521 3820 840 9429 8380 162 7567 732 6717 7166 287 5930 4916
29 3216 1573 9747 8625 1124 5416 7022 5446 1012 5838 1872 4544 4100 3695 4862 917 5076 8758 2246 1087 4333 4744 7892 186 1714 652 7804 4585 3375
28 3491 4501 8227 5387 7367 6912 3731 2637 888 1477 1189 2050 4002 428 5504 264 4240 5884 8495 3372 9656 4859 2784 7595 6818 5787 3008 9827
30 1579 5837 1734 747 8950 338 8421 8012 8673 8528 8603 995 3515 71 6337 2704 982 7546 3184 9530 9237 1463 2356 9631 8802 1800 9023 5859 9330 7722
29 4523 7382 9850 4996 2169 2815 3238 1996 117 5969 1089 7503 4375 2465 2645 4368 5775 6807 5331 6939 4499 7535 4849 1912 5101 6920 7214 282 3021
29 4119 1387 9166 6493 3410 3845 4053 8494 6744 4562 5384 7328 1589 986 5093 5202 9292 8519 5816 5078 7971 3689 880 9978 4666 5215 3074 1946 2103
29 2586 9538 1704 2940 2578 7721 8442 6738 2207 1269 1092 7009 1698 9501 5800 2060 1173 1156 100 591 6803 5089 4209 9201 5173 9535 3474 6038 900
29 9180 5326 9202 7351 3696 7408 8968 2489 2624 7062 2924 2610 3124 6471 639 492 9659 9070 5986 8457 9357 4324 5981 7342 3938 4981 8978 9431 6090
29 3831 1942 8166 3005 291 4005 3783 6817 2289 111 4665 9089 3310 4749 6873 2300 6492 8116 6964 4770 9319 4537 5217 6289 9713 9579 6029 6542 9404
29 3766 773 2000 1862 8273 5360 5353 5772 266 7304 6914 933 5905 9736 8630 6362 1050 4453 2723 5697 5321 8209 1372 6335 7730 1820 7852 9555 7260
28 1813 7642 3765 6231 9967 4001 7061 2337 2601 5403 532 9821 6018 777 2981 8759 6302 3824 3945 2742 6391 2162 6782 8306 4840 3522 4256 7641
27 3709 7175 810 1275 9190 4530 320 2027 2843 3508 8505 4906 9458 5833 5191 2757 4522 5389 4357 2696 8030 1497 9572 1266 5526 3218 224
29 1999 2765 8073 3855 3391 9097 216 7393 194 5687 5501 7377 9300 5048 9359 1221 3740 1224 4498 9521 5722 1162 8451 4907 5582 6654 7553 6732 2388
29 3922 1846 1746 9755 6177 171 1521 6309 5406 2061 2068 1182 9628 4583 8378 9290 6653 834 801 2208 1334 3624 8014 6602 4008 9698 4237 6974 694
28 577 3209 5756 8431 6961 5460 6868 4514 3486 8460 565 8677 7076 4430 5993 1358 7069 5013 8313 2726 4972 3270 3572 4741 5936 501 9968 2157
29 8786 4662 4944 3932 5182 4639 5433 7927 9339 1096 5584 3982 2686 729 6426 1382 6861 9262 1471 8098 6071 1989 5575 9034 2627 617 5970 9847 7215
29 6042 8607 7569 7929 8327 2746 8381 6393 720 323 8213 4383 8435 4578 2671 8175 5447 613 4924 8161 9105 728 6801 1669 9878 4517 2041 1522 1298
28 7653 3452 3681 2228 2506 5313 4302 4350 4589 1519 6138 9728 9222 9160 7586 1054 4656 8321 2402 3000 9245 5932 8576 9865 439 5375 9643 7207
28 8424 9662 1556 874 6374 5868 5706 7988 4953 550 5059 4844 5405 6429 4098 1719 981 830 2128 7479 8340 1843 2160 5629 6783 6755 6680 3107
28 3875 1492 3630 9632 6815 5210 690 2266 6328 51 7032 2656 237 7077 4317 3370 8029 2521 8331 4142 9684 3023 754 6709 7951 9829 3285 969
28 526 1359 8565 4917 5456 1293 8791 6212 5401 576 1516 9127 1747 2977 5994 5114 2226 414 4860 97 6880 8531 1857 4369 2505 8272 4516 75
28 1808 7511 554 7458 432 8549 9242 9599 1525 8476 8794 7771 5018 2833 7258 6175 9214 6050 6958 1884 2073 9114 7600 3045 5809 8228 966 4789
27 9413 4303 8903 7060 2767 5949 343 6395 689 4334 1166 5890 3464 3477 6968 7889 5385 4604 7797 9638 4426 2964 3014 4600 2829 9163 4329
27 5014 474 5195 8130 9974 2359 7110 5302 3167 2280 1908 1695 3011 6006 7853 418 8196 7447 6571 6297 7250 2553 7644 6533 2716 2215 4539
28 42 7235 7042 2252 2049 7637 5218 1836 4641 3362 4519 5791 9311 628 9707 2256 7218 8921 9985 176 9541 9610 6751 1626 172 7861 126 582
28 1717 5388 5721 2305 7579 4739 675 3439 4938 7709 2725 4290 6378 7712 1135 8095 7803 6326 6120 2974 5283 1514 1328 7524 4984 3607 8548 496
28 9168 2297 6461 6655 1152 873 7149 630 5512 9949 6233 452 8552 3095 8015 2010 2949 7500 7079 3255 7940 7469 4121 7602 8081 448 3381 4014
28 8220 3076 8710 5881 2479 6794 5580 1541 9267 4888 8808 2548 8752 2944 7491 5827 3113 6443 3600 5745 5328 8922 1277 1682 8068 9505 2561 2288
28 9049 2191 5889 144 1863 4227 6500 7751 4385 2001 5659 7776 8106 5306 4598 7171 7159 4118 3621 1180 4073 4569 752 7551 9934 2848 3826 5273
29 3387 159 8017 9039 3 1795 2106 4395 4545 9885 5856 1861 8931 8352 2800 3463 1736 2975 7023 3549 5891 433 3221 4362 814 2054 1071 5481 7471
28 7418 8339 928 1024 9777 4948 4273 8812 5843 3313 5096 8558 4601 1885 278 9197 1088 3790 9611 4464 4932 5792 1811 894 2510 5054 8412 1185
28 9159 3492 1285 4957 653 7667 4323 3651 848 6715 4064 5488 8538 4986 6741 1713 1537 5415 875 9026 3725 5319 8045 2398 516 7764 7165 85
29 4078 8364 5886 3914 4455 1715 5522 3741 3745 5821 6364 8153 6145 9278 1314 7265 9050 5567 481 3973 2277 9313 3521 6209 9524 8979 5849 5029 960
29 175 2713 8927 6864 6150 684 35 1998 1882 9499 9056 9575 8145 8826 2759 4471 938 7912 9998 8947 6987 139 298 1878 2203 990 120 4111 5738
28 6423 9213 2365 9930 7416 9708 7239 6295 5570 1792 1226 9793 1085 2500 5732 7558 5958 9405 4653 7095 4536 2443 1869 1378 2170 3404 9109 6216
28 8995 90 9361 350 4050 9907 7488 7777 7981 1610 5119 2547 6454 3819 6544 2837 1887 4010 5468 7874 7530 5088 3438 2885 9947 3664 6264 6804
29 207 4805 1021 1772 82 7715 6634 4358 5274 4306 1423 1708 4515 9434 3646 9430 3129 8837 2754 4837 7685 7085 6679 6139 9032 5813 6008 6320 3870
26 4935 4166 4214 9150 8954 9121 9133 9808 4958 7091 301 609 5265 4277 6565 8217 6526 9901 9137 5762 614 4150 6408 8218 6435 6598
29 9014 6897 9743 7864 1597 3757 8417 5303 4348 3784 3262 7645 8666 7043 1063 6930 9021 8804 3245 4863 707 885 5180 2638 8146 8658 1916 7568 3634
28 2851 7566 5041 9787 3295 2768 5478 3513 9451 4158 7305 54 9466 1870 4199 6439 7155 5651 3089 3935 2102 3712 5728 4877 5685 6722 1503 1508
28 102 9243 2836 5632 2085 5229 1243 6971 1679 5429 4293 5291 2033 8925 6418 5956 6104 7103 2598 6372 7293 9306 6541 2328 6506 1607 2267 1648
29 78 7337 6888 2469 2013 397 8798 9936 4575 871 2867 4565 3360 3974 3889 4230 2821 2425 248 5778 1992 4102 8342 4155 6248 6356 4735 7839 5561
29 4768 23 8399 5153 60 2339 8500 7526 1149 1370 8055 7906 7830 2743 4371 8926 1876 2945 1941 6232 3900 7302 2199 6141 1279 378 8402 7315 9577
28 7584 2698 330 6003 4400 7957 9494 2908 9324 6097 7131 4591 7072 5073 9996 9122 3418 3359 1702 5111 5684 9972 1546 4490 6447 3958 2249 7341
27 9888 4474 6699 1421 4628 4673 4454 4889 8877 6252 4612 782 9091 8610 9297 303 9345 1850 3357 315 2588 857 2393 8164 9293 6737 7187
26 9435 4949 548 3987 2860 1923 4313 4048 6186 4638 3035 3975 5874 9334 1070 449 6905 8984 6525 6108 8965 8363 4702 3168 8784 7063
27 2209 9288 9568 4442 2664 610 6866 7405 3320 6531 2651 911 1097 9367 1137 9794 3204 5212 1803 3017 8467 1129 1930 7192 6397 4832 8114
27 1574 8406 8027 2293 5086 53 3326 5887 1032 3986 8350 6780 5761 3723 6453 6940 3419 9511 6558 7945 1232 18 6339 7617 5918 5050 5473
29 4189 553 7309 8829 5308 8937 606 9182 8274 5012 9720 1402 5691 9008 1068 4549 955 3327 6734 3964 5656 137 7139 6534 2866 2737 9866 4063 9784
27 8946 2583 9131 5116 3610 6007 5177 9554 465 715 2643 1128 2413 2151 2753 297 2492 608 657 4029 9680 2177 6366 205 4268 5007 2894
28 934 7186 1712 4937 7867 2236 5125 3558 5146 6037 9012 3453 3879 6757 920 6323 9077 1910 6900 658 5544 7204 1500 3352 3940 5471 5789 8879
31 7426 6668 3534 3201 8234 1264 4942 7467 9986 8638 472 83 9780 6882 9081 2560 984 2387 9103 1246 4987 5421 2240 3133 8647 2926 7413 9586 5489 2879 7234
27 9189 9727 8740 6092 6284 6481 5201 8646 6236 1020 3228 8967 8989 7696 2869 3961 5484 17 4894 4668 7140 5184 6797 196 2907 7772 1315
30 1141 8246 4259 2715 9836 8439 4030 43 2950 2961 3212 1622 2178 2408 1744 9024 4207 4610 4609 4595 1844 8181 1859 4336 1995 9208 8776 8037 9410 9932
29 6229 1247 2005 8049 4152 949 2918 9583 2562 3388 4040 9862 6352 1621 9935 3400 9469 4847 8444 1649 8600 3523 2529 735 5764 2571 3328 4714 7886
27 3153 5528 4650 4529 3851 8320 4472 9044 1039 3791 9964 4985 863 1171 4815 471 9867 1970 748 8079 8160 5359 3354 574 6626 8479 6479
30 4466 9589 227 3324 1197 4181 7412 3489 4003 9883 203 2040 2699 4081 6716 1413 4614 2327 2133 3248 9230 3189 9331 4409 6 44 9041 4699 4965 4131
27 4052 8386 6664 5895 6005 221 6703 5396 1797 525 5951 7785 9158 8137 623 8276 8133 7563 9269 7913 1481 1997 7125 5907 6762 3633 8909
28 1048 3169 8952 170 5520 6242 9229 6359 2310 9531 615 9482 8956 7623 5786 7758 6353 241 6307 9142 1534 8252 6569 4196 4274 1697 3529 2436
30 2805 7297 9635 6402 3268 4084 4553 6099 3427 670 9919 7531 5417 7104 4157 4139 9276 6494 7141 2580 8473 7198 1982 3542 9342 7604 3311 8743 764 1363
30 3423 1512 7448 4870 6983 6313 6746 2782 311 4630 9270 1011 7400 8536 3449 8109 6048 9560 5688 4261 2997 6896 8729 4484 7490 3729 2311 9765 9971 2134
29 6950 8440 2813 1417 3177 5654 3225 6369 2403 6472 9976 1002 5766 710 5132 7044 1383 7591 5060 3916 2455 3739 7461 5521 1305 6052 4461 7066 2678
29 5919 2766 9951 968 9627 768 7028 9495 1081 3105 7935 8455 6024 3944 9712 6119 7932 4706 2639 8705 1722 5449 312 5560 6745 3779 368 5551 124
28 1572 1125 5136 2858 4607 6677 9147 3272 4251 980 3487 3797 564 6951 1968 5373 6924 2806 3031 3788 1755 4173 8323 4407 7810 1105 5635 5690
28 6392 7781 256 7969 2253 9462 7605 7561 5301 6708 9067 3191 8591 3393 533 2872 7626 7273 2625 6589 7057 4620 1900 1254 2514 9463 6149 1177
28 4960 4671 3833 7752 2965 979 2468 5170 4724 9126 1104 5550 7429 133 7114 4258 6758 285 6691 7599 8748 8789 5016 2104 4291 2999 2431 3876
28 8097 1831 9756 1675 8936 3411 1093 4969 36 4264 3280 8562 3314 1056 6375 5268 3567 2047 7943 347 767 2074 4733 1815 5231 6821 3913 6405
27 9371 523 6778 4151 1562 132 3619 7592 4588 4652 4047 7958 1490 1873 9877 5040 2488 4763 2676 7920 8449 7019 9170 1937 9687 9188 9768
29 1769 8653 1807 8464 1855 7259 2838 2331 8005 3865 718 8907 7340 2811 1170 8550 2315 1632 4812 1201 6034 7954 9849 5120 4746 9001 3345 6639 7911
28 152 3496 5917 6234 4195 4304 8285 1735 7693 1693 9368 2188 9655 4074 1530 4883 1886 7353 9162 8496 5929 7657 6465 5702 2718 4197 7424 2504
28 660 9136 4660 8872 952 6485 6221 6874 9436 6069 5533 8892 9287 9411 1392 5737 649 1584 9676 8795 6107 9649 2284 4993 2422 5276 8583 4978
29 6808 1925 9695 1139 9669 4933 1300 9406 6793 5074 9260 9090 2913 5024 8066 57 2888 3319 5150 1619 122 6259 7452 3224 2927 7100 2371 6663 1289
29 4071 4494 3972 8003 5263 9115 3836 9238 3520 7483 135 6171 2887 3795 9448 7199 7778 4059 5692 8839 8312 1078 2934 5234 692 6932 6883 4235 3952
27 6424 8121 854 4480 4156 8462 6752 5439 8150 1647 4582 1489 9118 895 3897 5174 7975 5572 7506 129 770 6909 4042 8409 2441 5897 7021
28 5057 280 528 5127 5181 5102 6049 3528 4205 8004 2799 3506 6310 1972 2165 475 8051 2564 7578 8868 9234 4024 6926 2434 8219 1629 3279 6537
28 1587 3782 8400 6910 9761 8178 5596 5315 9798 363 9760 1915 8722 4160 4120 7515 6953 755 4023 7325 7193 9605 5039 1470 9705 5780 2594 4977
29 5046 1539 8434 2933 2570 3557 1236 9546 3480 7931 5514 9087 741 916 3568 1726 9564 381 2270 3142 7814 8357 5011 1061 2478 9064 8585 7854 4901
28 8849 5383 7329 4436 6073 8681 3019 2410 5168 1242 7036 9654 8801 1321 5015 6338 7124 1613 1073 6736 6468 3980 1318 8527 7518 2904 4502 2494
29 9111 2351 5197 9699 422 1515 8957 5742 3500 2595 3925 3553 92 8886 4276 9598 5248 444 1480 5469 7904 1570 9903 3098 2093 852 8290 9838 722
30 6197 8183 416 3919 7543 2218 8050 9892 9084 9153 7610 5420 4689 1176 4045 6398 369 9893 4865 2473 1757 1984 7862 2374 809 2264 2105 3467 4526 5674
28 13 3632 5653 5669 2135 2279 4069 4692 9990 6515 8369 9677 5162 6508 7692 5662 5001 7143 7710 4491 9373 8065 661 3157 6637 5432 3444 3227
29 4764 7720 8080 3951 4476 8651 3479 2313 1810 7765 6225 6552 6213 6143 831 2185 9119 255 3473 9239 2366 9379 8243 8554 6704 5092 7174 1954 6051
29 7937 1038 1491 3694 3150 4587 1547 5759 7660 8238 1668 3273 2495 1091 3054 9252 4955 4645 7428 1748 562 7311 3699 9181 1957 253 9987 9018 8465
29 9714 9718 5984 4458 9806 7482 3242 107 8641 7580 59 7334 1935 2354 9381 2077 1616 8336 3728 3428 1157 1663 9496 4468 4884 5805 8891 8240 7756
29 4974 6319 498 598 5910 9549 4307 4621 2064 1307 4489 7423 2720 4294 8601 6904 9630 583 4475 463 3397 5892 8635 1974 1786 6867 321 824 1778
27 3590 6600 5377 779 9590 2609 5163 9149 4997 4497 6976 5854 1294 3401 6226 9427 6288 1291 763 727 3307 8622 7289 6929 4698 2493 7775
29 602 6062 8481 1442 3992 2101 2622 174 3037 3785 8122 3286 8335 2900 3807 2114 5095 9011 3891 2453 2650 945 7594 3154 3527 6660 6303 9100 7747
30 9321 6982 4568 487 3953 1239 4627 5228 4452 8904 7876 1564 8611 7388 3061 4365 6223 2411 7040 847 5271 7303 1501 6702 4510 9576 8244 4552 5915 4915
30 4141 2090 8850 9019 6351 7180 8368 6522 2680 9220 9376 3402 3563 4410 673 693 2979 2445 3046 5636 5338 8806 4729 5709 442 9285 9045 7470 2016 6202
27 7576 6879 8120 8063 7679 1750 9648 6473 893 6586 1524 7157 5427 5947 6075 8960 9981 7133 6555 4675 2875 6273 6499 8100 4998 6842 9204
28 570 8472 7439 2526 1178 6766 4795 9795 5312 8211 4726 6574 1988 1459 9 6433 1571 7365 3329 8817 6118 9472 1086 4255 7121 3906 8774 8887
28 962 596 6595 7516 229 908 7538 4672 5861 5142 5509 4021 1320 8426 2739 6134 6714 650 8113 9396 7548 160 5305 2063 717 5586 7934 2155
27 7883 1768 7219 9751 5144 3667 2774 9327 7651 7727 1069 7990 7242 2845 9570 9734 9587 3615 829 7749 242 8104 3713 6201 6012 6371 8932
29 5465 846 5865 7230 8765 7952 9223 4950 8441 4432 7484 3548 3798 603 6772 6743 4129 7881 9726 7550 5788 9013 5381 6086 9112 3173 2789 5361 3143
28 4065 2785 2482 9052 7603 6554 4703 4550 4025 2183 9500 1292 7846 7588 3786 9757 9683 6938 8419 3395 1438 4283 2865 2115 4615 65 6513 5392
28 7633 5336 6992 2042 421 7176 3804 760 4465 1219 833 5998 2314 1721 7431 1496 2341 1973 8156 5923 4216 8738 8853 2383 2498 8953 9444 5240
28 7662 9031 3899 3781 9033 2912 7691 2853 5090 3989 2522 5124 3121 8185 8761 8713 618 1450 19 8212 6109 5316 9291 8994 1263 5960 518 1154
29 8099 5557 8415 667 9123 4248 8176 8328 5911 9737 3330 2946 1144 5664 5072 3657 4750 1346 842 8198 7780 9062 9691 828 6077 2731 5256 2099 7907
29 9488 2086 5934 8875 1325 4391 555 5587 5739 7390 360 9247 228 3893 914 4080 7206 8587 8671 9005 2861 765 4463 7360 2990 1509 2544 9161 9982
27 4753 5944 6754 9735 7485 9825 771 2161 5976 2078 4882 8231 3806 8124 4434 1495 4143 7573 9000 5004 5190 7052 6916 1385 953 4419 2451
28 7914 3704 6200 8586 8083 9428 8257 996 437 6872 7816 9993 7941 5600 5720 7757 7514 3594 6827 3282 3924 2669 9905 8606 2862 7478 8062 4771
29 8346 7946 8513 7744 375 6304 9898 926 6675 6385 6820 5169 1303 2682 3941 2527 7622 6400 3754 6199 7211 8382 963 5599 6832 453 3101 8268 6576
28 7148 9248 2557 8841 7790 9915 5619 2687 261 1694 7928 116 9792 7058 1535 2130 5205 6967 9614 2958 9402 9167 3841 3588 3959 6442 1551 9154
28 3363 1130 3460 3044 7232 5797 8970 4487 8036 4577 8391 3058 2539 3415 1103 367 999 302 1743 8397 6031 29 5589 9886 7807 4695 8589 7947
28 4322 8128 4807 1410 2239 9241 3033 9395 9491 4110 8917 9664 4599 8436 5477 2708 9553 6739 8303 4725 2486 5824 8433 1951 7106 8918 5002 5836
28 7427 9692 8170 2599 1608 2873 8754 7915 9619 987 5793 9029 9228 3981 9796 1598 8370 2299 8304 8 4245 9259 8742 9277 5549 9003 4135 9556
30 4804 8948 8125 6168 8204 2677 1487 9753 3711 4396 2373 4988 8939 7005 8254 9668 5643 1013 6417 7624 1296 5203 5922 1443 5342 3909 1634 4592 5779 9558
28 5777 9826 336 5483 4976 3847 8679 793 3545 9110 1585 9618 9279 5006 8223 6991 1763 6678 6469 5807 2471 7933 4999 5812 3041 4257 8360 8694
27 746 286 8977 6117 1600 6379 6244 8000 7105 4201 6674 4825 2973 7493 4109 4570 4752 5853 1510 1922 7687 2454 634 7930 3349 3159 8670
28 4852 9887 9075 2012 1554 9629 971 9622 2477 9203 9771 1754 8507 8384 7099 7763 2692 180 8300 2827 5626 6903 695 455 1119 4561 696 9802
28 654 7216 6623 961 2535 515 9665 8577 1897 4095 8943 8769 7589 5450 7167 958 6334 8396 7964 3012 1384 9550 6241 2953 7386 3226 7841 2611
29 138 8366 5942 3306 4697 3049 9315 106 4446 991 3146 8448 8371 1553 4213 7564 4555 5357 268 5630 8064 9722 8852 2250 77 7731 1678 9607 6787
27 1965 6597 3575 4279 9139 7974 2868 1194 4247 7135 1309 292 7620 8329 2326 1673 4321 3162 6020 6458 366 1628 9523 5459 5491 1211 6730
29 9543 8730 9441 6970 5298 4408 1412 9485 2679 2960 3078 2943 9092 7247 922 5718 3599 4482 1720 72 9965 579 9318 1718 5527 9894 1550 4254 5921
28 1577 8835 7421 7026 5082 5867 8831 1433 4263 257 7863 8855 8963 1504 274 6384 7813 370 6270 1476 1699 11 8192 9759 5950 5591 2296 519
27 8057 7639 8026 69 2430 6348 2391 3934 7078 413 38 1389 3686 1406 3108 388 5056 247 8674 3597 6852 6917 4850 9962 6068 2925 8265
28 9988 2864 5914 9636 1961 4309 5323 5376 6535 7374 4124 6672 4952 2390 7346 245 5485 1240 1591 4429 2347 1331 7998 4927 7164 4352 8151 4625
27 2265 7397 7384 5826 294 6985 8737 243 4792 9815 644 4379 1929 32 7075 5731 1117 6689 4133 1159 8474 9335 7711 2308 9748 3062 5410
27 1386 8983 4803 9095 6966 319 4809 8642 6690 199 1960 4511 5135 2225 6851 1403 8491 6875 3965 7266 2503 5719 3111 192 2189 4540 537
28 1109 3665 3051 1278 8751 4817 6341 3170 9425 1118 6856 1444 6025 1761 5067 9823 8401 1789 6792 967 9578 3200 1005 1580 2094 6074 2620 3048
29 2378 3179 1186 8885 1758 6464 9055 8553 9660 2511 1643 2325 8665 909 844 7184 903 1645 4742 1379 6568 3053 4265 2427 8803 4841 1991 6656 6491
26 3123 8971 1976 5400 7621 5925 8911 7046 5028 1158 6813 4930 8864 2540 5924 2200 8259 7582 1343 8229 7987 3752 547 5161 1399 3071
29 2672 3181 6093 8949 2051 9322 2840 4116 9415 6584 5023 9526 5701 2017 8915 6624 1606 5287 1523 8208 4233 7274 8427 826 4608 6305 4683 4923 2630
29 5500 6347 8797 7020 2841 1138 7944 3243 7629 5222 4728 39 387 1879 7831 6629 3799 5252 4389 8869 5494 5888 6316 2612 8535 621 2345 7965 8898
29 2417 1330 6925 462 4867 33 6615 4457 8593 3277 7188 5200 4343 6670 5652 7630 6724 1656 807 6131 3223 5785 2282 7457 1762 4680 4512 3080 2518
28 8709 3856 1014 2304 3291 1787 1865 1174 4325 6711 9529 5818 1044 1352 7238 6530 4094 7127 3566 8570 4772 9945 5017 4020 3601 9358 9724 6627
28 5062 6154 4808 8624 8193 8992 6676 6470 4931 3742 6651 55 6176 7557 7172 7836 226 326 8525 8612 7391 8485 7128 6688 426 2487 4956 9941
28 1641 3911 3099 5258 2701 3917 8463 7680 2286 7767 7983 865 6298 4448 1416 6977 5989 4187 3445 1949 293 7512 9953 8935 575 7371 2901 9478
28 8551 2335 9304 9515 6255 2018 6389 6750 8289 8318 8159 7877 5840 3983 5299 112 6649 705 4159 9843 3294 1297 4593 9788 3451 1672 9860 6172
28 4077 7918 3333 3811 593 3346 9585 6419 4079 1692 4782 8437 510 8142 5804 9400 6396 5464 9706 4441 1090 5264 9514 485 9900 2306 7654 3006
29 7324 3235 7173 8733 4784 232 8111 484 4640 8040 7037 9704 5219 1838 5646 5590 3193 500 438 8704 1041 8127 8648 3208 7858 8484 1184 2952 9741
29 4398 8504 2649 8745 2323 5126 3001 2433 8042 5070 4281 5249 5118 9010 7953 3137 6106 5422 7832 5602 6608 8521 2545 4366 8018 796 2380 8683 9895
27 666 7606 7251 7552 6516 4636 473 5296 358 7875 8008 6948 6174 7012 4845 7733 8269 6839 6333 6645 8719 9063 6631 8845 9991 4940 5644
27 3511 281 9286 6113 5783 5637 8251 3176 2097 5309 5290 6878 7702 9876 5790 4244 8626 1006 7507 668 267 2483 4287 2523 6823 8132 8009
28 3815 3503 1036 3844 7147 3722 1009 141 2415 373 6862 5281 1261 9552 2508 8497 8034 4056 9195 4781 3509 1529 8940 7713 2834 9767 5365 2149
27 6603 612 5206 5128 2906 4718 8834 9107 943 2835 7275 8844 7001 7146 9673 3869 7585 3569 5099 4203 1362 6774 3351 2275 556 7805 9481
27 2182 9957 6765 1059 3412 9504 250 8154 5277 4163 1724 7007 430 1856 95 1391 4780 8608 2127 1355 2317 4012 3842 6153 3758 3769 1868
28 4760 5467 5564 7481 1220 73 4597 7675 5935 4679 8245 4266 1280 2534 3753 7196 5081 8420 2602 8524 6642 6254 8811 1209 7677 371 2936 3082
27 445 4392 7358 2244 4386 7436 2710 5010 739 7661 9921 2502 3849 9185 5426 8732 3837 5003 5043 2192 3749 8075 2778 1333 396 9580 1212
28 7828 7704 4751 6756 5724 7607 7464 3420 4194 6606 9812 6693 5198 4918 6846 1272 1848 7425 3732 1026 9840 9108 3838 2261 5344 5280 5991 63
28 3236 6720 108 3866 7769 7185 7359 9675 5183 2646 4941 9809 249 5820 4312 379 7999 5131 4879 3178 4755 9539 4721 7705 8731 578 9296 6441
29 9282 7787 5156 9785 7519 1430 3114 8920 3544 4785 7925 1206 7056 3585 1451 6380 193 5154 923 179 7170 5663 1506 3426 2667 3406 1270 2213 7540
27 9925 726 6155 2186 6421 8375 8718 5253 5071 5238 7672 529 7740 8901 5378 8210 4085 7093 46 9519 9210 9950 737 7791 1601 2670 6480
30 4473 8383 7115 6889 6283 1604 8093 6409 5434 1360 8222 3127 4218 4551 4477 14 3571 5773 2662 9028 7565 622 699 5232 7119 1393 3421 2850 4418 9600
28 5798 4433 49 5349 1890 785 5682 3297 8256 7703 4833 9979 5830 6829 4226 4902 4232 2181 9929 7826 5165 3862 2117 4908 4360 4820 3468 3554
29 9215 7494 3302 1560 2352 2519 7299 6994 200 5293 7815 5699 6178 3778 9060 9616 8975 2379 8016 7959 3617 4427 50 464 5294 240 3030 8167 1635
27 6669 3533 4067 1505 1217 6643 3803 6230 1074 9857 5768 6192 3028 6365 2658 8310 7684 1164 4154 542 8308 2197 5864 8165 9383 3422 3767
27 2993 7222 9506 8261 8250 8933 8897 3821 8974 8760 3407 2780 6601 643 3684 9507 6466 490 1400 827 1018 932 9766 9710 3653 1313 6121
27 7995 188 1809 8162 6292 9356 6205 4799 4691 9917 4869 3284 6060 8348 9312 263 6343 1806 7646 8664 4810 5155 2065 1765 3308 7885 9700
27 6845 6425 7394 2396 309 4694 7369 425 1317 7209 4168 9218 9490 6208 4280 8867 4493 5927 6043 1528 3626 8706 9557 5569 8317 845 1921
29 1472 3628 8143 9130 3455 795 6616 9533 7916 4527 5311 7059 5438 6044 7310 2187 2697 6110 6505 9125 5414 3673 372 640 2537 6988 6633 8819 3116
26 9155 9942 6635 1049 678 9329 8620 22 2176 8652 353 4667 7532 9299 1488 9999 5672 9016 5563 4308 5872 4783 1181 882 7123 7996
27 3256 4543 8356 4219 571 7086 9864 6274 5510 3813 5304 1405 1102 965 7681 1918 5957 2045 6132 3206 1586 2732 1237 4973 9774 7294 9510
29 3145 3775 3383 4311 6995 7158 7201 5875 6163 8025 5592 2076 9043 918 8871 7378 4740 8480 4842 9944 3736 1617 9036 4038 1518 860 3072 7608 419
28 993 5583 9236 9817 7177 682 4478 2917 9308 878 7824 1034 3251 838 9232 9264 9596 3408 9875 4269 6855 3977 7048 4061 6169 7246 8945 2217
29 9340 3482 9940 5696 1462 3537 9565 9186 8483 8224 1889 6849 8248 7973 5752 6594 2727 5393 2271 8403 7571 3338 9205 7287 399 6532 9164 6269 8351
27 558 6610 9685 2350 3009 589 6437 6547 219 3229 4564 5661 8482 3220 3692 2889 324 3371 4686 2035 2438 9193 7583 3547 5678 2985 2791
28 2452 4766 1037 8906 3266 5796 6057 1777 4500 2230 84 2923 3303 5075 8597 2714 8319 1216 6127 8580 9775 2363 1527 5402 7107 8986 7422 819
30 671 9791 3316 1499 2168 3733 2920 1245 8649 2538 4856 5279 4696 3136 1507 5519 4693 5493 9928 4405 6349 2773 1827 9004 6293 4271 7741 8928 946 7652
29 4661 3929 8134 3682 3442 1575 8746 975 6550 5568 1749 9952 403 1483 2171 3963 4027 803 7189 9749 7640 3793 6089 6560 3800 5937 7843 3106 4821
28 4616 3551 8286 8547 5005 5 1238 5639 8687 7664 2011 2412 115 877 7233 9325 8996 5399 4372 6285 1357 9176 2079 818 5559 6271 5877 7936
28 2636 8590 1066 7742 8884 2429 1770 383 7745 7473 5480 2262 6735 7276 6998 1828 9776 6195 672 6067 757 6281 149 566 7090 2119 1345 8194
28 7822 6687 5476 5751 4249 7668 2644 9310 1602 7614 4732 3174 8775 1853 3211 3213 7248 8041 9920 5288 5620 3726 3627 7440 3015 5593 7319 6865
26 395 5952 5134 8053 9719 3443 3281 3882 2552 1435 258 6993 9261 4637 7795 2407 7879 6685 2361 6592 2336 1337 2844 5548 5621 8631
28 8407 1691 3312 9884 1380 6566 2531 3465 6740 7291 4945 3416 6809 861 2348 9617 5037 2910 3822 8703 3787 9859 8302 5515 616 467 1533 8964
27 9872 6214 6482 3518 4655 163 3205 8263 204 3794 5963 4835 198 6414 96 6009 536 9758 1394 9938 1687 4296 7972 251 3197 870 9192
28 6190 2793 7581 3763 3744 4887 2608 7960 6300 6329 2028 6183 5689 4603 3175 3853 4623 2174 4649 7446 9132 6420 9301 3727 9517 4380 4353 2587
29 2823 9498 3471 659 9273 443 5351 4356 4044 4736 7761 8191 223 1952 568 3180 3499 8333 4305 5458 4854 2196 9652 8818 1576 1361 5507 9995 4347
28 5552 8447 1751 9592 2353 6280 6036 794 5900 6697 636 6941 9800 1052 131 64 1780 6527 6193 5623 317 2729 4108 4798 6358 3161 6969 2994
29 1753 2152 1148 4560 5051 7087 93 8292 2707 5474 3603 1172 109 9455 8762 3344 1047 8847 3276 6682 7255 3413 7465 4505 3214 2703 145 5042 849
28 6638 1437 3643 6275 3716 9909 3854 7317 8182 3835 3194 6585 1796 2632 1830 6111 9419 9509 1563 7051 3497 8456 5408 7281 3663 6161 2530 2367
27 8595 5149 4091 460 6869 2801 9272 9240 6567 8499 6927 9179 4161 6450 4072 9209 354 8973 5754 8101 9364 2991 7332 8516 451 5418 6413
28 2652 1348 6935 7442 3283 4076 7441 743 6523 1852 3825 5106 7312 9256 3495 7673 8702 1265 7083 935 1979 4651 8393 1281 6921 4518 7593 2582
29 3233 6001 2069 4006 8237 1794 3573 7356 1326 313 972 8189 2316 7612 8621 254 2292 2684 3714 2458 1200 3309 5225 3112 2211 8750 2807 6587 8618
28 3902 4796 7380 2573 3405 4096 7117 3904 8398 7330 7950 9855 5108 5027 4676 8226 3325 7433 6247 6641 6116 5140 1686 5795 9030 8374 9544 697
27 601 5595 5545 7084 4018 4278 4377 8349 468 4204 8047 2520 2576 7035 2015 8139 8155 6759 6788 4982 3526 898 1877 262 8895 2895 8753
26 8315 6265 3618 3582 5574 8526 1414 674 9314 5189 1899 7554 3685 6026 7615 2290 1652 1084 1478 7339 7666 9020 7991 1010 7697 9969
29 9742 5532 26 4 9790 1165 456 209 5084 9818 4243 8899 7701 337 2251 1057 7829 5038 508 3738 8863 5243 9977 4105 7411 2828 8070 825 5269
27 9284 6796 665 6620 5066 9540 7840 1759 3069 8617 1460 4376 3390 3801 8990 8999 9551 976 7716 4558 9657 6478 1958 5650 4422 1690 4964
28 9211 6578 5113 5310 9752 4252 3300 1821 789 5382 5983 778 4402 2967 8475 86 6306 8900 9846 28 3750 5873 37 6833 8305 1027 1791 3595
29 8090 4057 7335 4034 3122 1674 1440 8518 8700 620 8089 1742 2463 4288 2549 3605 8028 5628 3222 148 2688 5364 114 3163 8058 415 8792 4345 1651
28 7609 5069 40 9120 2166 792 8532 4341 9442 6263 5327 6085 7288 5716 2741 7898 8425 355 9946 9341 7827 4848 1108 8522 8376 9071 2456 9799
29 1466 8568 5938 6474 1737 706 6551 499 6553 9254 70 7766 1933 189 1458 3896 8529 8158 1845 9083 4508 3230 7301 6619 3946 9563 491 3901 7899
